[0.035s] Invoking command in '/home/astra/iroc_final_ws/vision_to_mav/build/vision_to_mavros': CMAKE_PREFIX_PATH=${CMAKE_PREFIX_PATH}:/home/astra/astra_ws/install/manual_key_control:/home/astra/astra_ws/install/astra_nav_control:/opt/ros/humble /usr/bin/cmake /home/astra/iroc_final_ws/vision_to_mav/src/vision_to_mavros -DAMENT_CMAKE_SYMLINK_INSTALL=1 -DCMAKE_INSTALL_PREFIX=/home/astra/iroc_final_ws/vision_to_mav/install/vision_to_mavros
[0.728s] -- The C compiler identification is GNU 11.4.0
[1.140s] -- The CXX compiler identification is GNU 11.4.0
[1.163s] -- Detecting C compiler ABI info
[1.304s] -- Detecting C compiler ABI info - done
[1.316s] -- Check for working C compiler: /usr/bin/cc - skipped
[1.318s] -- Detecting C compile features
[1.320s] -- Detecting C compile features - done
[1.328s] -- Detecting CXX compiler ABI info
[1.479s] -- Detecting CXX compiler ABI info - done
[1.491s] -- Check for working CXX compiler: /usr/bin/c++ - skipped
[1.491s] -- Detecting CXX compile features
[1.492s] -- Detecting CXX compile features - done
[1.522s] -- Found ament_cmake: 1.3.11 (/opt/ros/humble/share/ament_cmake/cmake)
[1.884s] -- Found Python3: /usr/bin/python3 (found version "3.10.12") found components: Interpreter 
[2.062s] -- Override CMake install command with custom implementation using symlinks instead of copying resources
[2.202s] -- Found rclcpp: 16.0.12 (/opt/ros/humble/share/rclcpp/cmake)
[2.382s] -- Found rosidl_generator_c: 3.1.6 (/opt/ros/humble/share/rosidl_generator_c/cmake)
[2.404s] -- Found rosidl_adapter: 3.1.6 (/opt/ros/humble/share/rosidl_adapter/cmake)
[2.439s] -- Found rosidl_generator_cpp: 3.1.6 (/opt/ros/humble/share/rosidl_generator_cpp/cmake)
[2.488s] -- Using all available rosidl_typesupport_c: rosidl_typesupport_fastrtps_c;rosidl_typesupport_introspection_c
[2.547s] -- Using all available rosidl_typesupport_cpp: rosidl_typesupport_fastrtps_cpp;rosidl_typesupport_introspection_cpp
[2.718s] -- Found rmw_implementation_cmake: 6.1.2 (/opt/ros/humble/share/rmw_implementation_cmake/cmake)
[2.732s] -- Found rmw_fastrtps_cpp: 6.2.7 (/opt/ros/humble/share/rmw_fastrtps_cpp/cmake)
[2.998s] -- Found OpenSSL: /usr/lib/aarch64-linux-gnu/libcrypto.so (found version "3.0.2")  
[3.057s] -- Found FastRTPS: /opt/ros/humble/include  
[3.141s] -- Using RMW implementation 'rmw_fastrtps_cpp' as default
[3.180s] -- Looking for pthread.h
[3.368s] -- Looking for pthread.h - found
[3.368s] -- Performing Test CMAKE_HAVE_LIBC_PTHREAD
[3.510s] -- Performing Test CMAKE_HAVE_LIBC_PTHREAD - Success
[3.512s] -- Found Threads: TRUE  
[3.712s] -- Found mavros_msgs: 2.10.0 (/opt/ros/humble/share/mavros_msgs/cmake)
[3.961s] -- Found nav_msgs: 4.8.0 (/opt/ros/humble/share/nav_msgs/cmake)
[4.011s] -- Found tf2_geometry_msgs: 0.25.12 (/opt/ros/humble/share/tf2_geometry_msgs/cmake)
[4.141s] -- Found eigen3_cmake_module: 0.1.1 (/opt/ros/humble/share/eigen3_cmake_module/cmake)
[4.146s] -- Found Eigen3: TRUE (found version "3.4.0") 
[4.146s] -- Ensuring Eigen3 include directory is part of orocos-kdl CMake target
[4.441s] -- Found ament_lint_auto: 0.12.12 (/opt/ros/humble/share/ament_lint_auto/cmake)
[4.656s] -- Added test 'cppcheck' to perform static code analysis on C / C++ code
[4.657s] -- Configured cppcheck include dirs: /home/astra/iroc_final_ws/vision_to_mav/src/vision_to_mavros/include
[4.657s] -- Configured cppcheck exclude dirs and/or files: 
[4.659s] -- Added test 'flake8' to check Python code syntax and style conventions
[4.663s] -- Added test 'lint_cmake' to check CMake code style
[4.666s] -- Added test 'pep257' to check Python code against some of the docstring style conventions in PEP 257
[4.673s] -- Added test 'uncrustify' to check C / C++ code style
[4.673s] -- Configured uncrustify additional arguments: 
[4.675s] -- Added test 'xmllint' to check XML markup files
[4.681s] -- Configuring done
[4.716s] -- Generating done
[4.725s] -- Build files have been written to: /home/astra/iroc_final_ws/vision_to_mav/build/vision_to_mavros
[4.752s] Invoked command in '/home/astra/iroc_final_ws/vision_to_mav/build/vision_to_mavros' returned '0': CMAKE_PREFIX_PATH=${CMAKE_PREFIX_PATH}:/home/astra/astra_ws/install/manual_key_control:/home/astra/astra_ws/install/astra_nav_control:/opt/ros/humble /usr/bin/cmake /home/astra/iroc_final_ws/vision_to_mav/src/vision_to_mavros -DAMENT_CMAKE_SYMLINK_INSTALL=1 -DCMAKE_INSTALL_PREFIX=/home/astra/iroc_final_ws/vision_to_mav/install/vision_to_mavros
[4.756s] Invoking command in '/home/astra/iroc_final_ws/vision_to_mav/build/vision_to_mavros': CMAKE_PREFIX_PATH=${CMAKE_PREFIX_PATH}:/home/astra/astra_ws/install/manual_key_control:/home/astra/astra_ws/install/astra_nav_control:/opt/ros/humble /usr/bin/cmake --build /home/astra/iroc_final_ws/vision_to_mav/build/vision_to_mavros -- -j6 -l6
[4.866s] [ 50%] [32mBuilding CXX object CMakeFiles/vision_to_mavros_node.dir/src/vision_to_mavros.cpp.o[0m
[18.531s] [100%] [32m[1mLinking CXX executable vision_to_mavros_node[0m
[19.293s] [100%] Built target vision_to_mavros_node
[19.316s] Invoked command in '/home/astra/iroc_final_ws/vision_to_mav/build/vision_to_mavros' returned '0': CMAKE_PREFIX_PATH=${CMAKE_PREFIX_PATH}:/home/astra/astra_ws/install/manual_key_control:/home/astra/astra_ws/install/astra_nav_control:/opt/ros/humble /usr/bin/cmake --build /home/astra/iroc_final_ws/vision_to_mav/build/vision_to_mavros -- -j6 -l6
[19.337s] Invoking command in '/home/astra/iroc_final_ws/vision_to_mav/build/vision_to_mavros': CMAKE_PREFIX_PATH=${CMAKE_PREFIX_PATH}:/home/astra/astra_ws/install/manual_key_control:/home/astra/astra_ws/install/astra_nav_control:/opt/ros/humble /usr/bin/cmake --install /home/astra/iroc_final_ws/vision_to_mav/build/vision_to_mavros
[19.353s] -- Install configuration: ""
[19.353s] -- Execute custom install script
[19.354s] -- Symlinking: /home/astra/iroc_final_ws/vision_to_mav/install/vision_to_mavros/lib/vision_to_mavros/vision_to_mavros_node
[19.373s] -- Symlinking: /home/astra/iroc_final_ws/vision_to_mav/install/vision_to_mavros/include/vision_to_mavros/vision_to_mavros.hpp
[19.391s] -- Symlinking: /home/astra/iroc_final_ws/vision_to_mav/install/vision_to_mavros/share/vision_to_mavros//launch/t265_all_nodes_launch.py
[19.410s] -- Symlinking: /home/astra/iroc_final_ws/vision_to_mav/install/vision_to_mavros/share/vision_to_mavros//launch/t265_tf_to_mavros_launch.py
[19.428s] -- Symlinking: /home/astra/iroc_final_ws/vision_to_mav/install/vision_to_mavros/share/ament_index/resource_index/package_run_dependencies/vision_to_mavros
[19.446s] -- Symlinking: /home/astra/iroc_final_ws/vision_to_mav/install/vision_to_mavros/share/ament_index/resource_index/parent_prefix_path/vision_to_mavros
[19.466s] -- Symlinking: /home/astra/iroc_final_ws/vision_to_mav/install/vision_to_mavros/share/vision_to_mavros/environment/ament_prefix_path.sh
[19.484s] -- Symlinking: /home/astra/iroc_final_ws/vision_to_mav/install/vision_to_mavros/share/vision_to_mavros/environment/ament_prefix_path.dsv
[19.501s] -- Symlinking: /home/astra/iroc_final_ws/vision_to_mav/install/vision_to_mavros/share/vision_to_mavros/environment/path.sh
[19.518s] -- Symlinking: /home/astra/iroc_final_ws/vision_to_mav/install/vision_to_mavros/share/vision_to_mavros/environment/path.dsv
[19.536s] -- Symlinking: /home/astra/iroc_final_ws/vision_to_mav/install/vision_to_mavros/share/vision_to_mavros/local_setup.bash
[19.555s] -- Symlinking: /home/astra/iroc_final_ws/vision_to_mav/install/vision_to_mavros/share/vision_to_mavros/local_setup.sh
[19.574s] -- Symlinking: /home/astra/iroc_final_ws/vision_to_mav/install/vision_to_mavros/share/vision_to_mavros/local_setup.zsh
[19.591s] -- Symlinking: /home/astra/iroc_final_ws/vision_to_mav/install/vision_to_mavros/share/vision_to_mavros/local_setup.dsv
[19.610s] -- Symlinking: /home/astra/iroc_final_ws/vision_to_mav/install/vision_to_mavros/share/vision_to_mavros/package.dsv
[19.627s] -- Symlinking: /home/astra/iroc_final_ws/vision_to_mav/install/vision_to_mavros/share/ament_index/resource_index/packages/vision_to_mavros
[19.649s] -- Symlinking: /home/astra/iroc_final_ws/vision_to_mav/install/vision_to_mavros/share/vision_to_mavros/cmake/vision_to_mavrosConfig.cmake
[19.667s] -- Symlinking: /home/astra/iroc_final_ws/vision_to_mav/install/vision_to_mavros/share/vision_to_mavros/cmake/vision_to_mavrosConfig-version.cmake
[19.686s] -- Symlinking: /home/astra/iroc_final_ws/vision_to_mav/install/vision_to_mavros/share/vision_to_mavros/package.xml
[19.708s] Invoked command in '/home/astra/iroc_final_ws/vision_to_mav/build/vision_to_mavros' returned '0': CMAKE_PREFIX_PATH=${CMAKE_PREFIX_PATH}:/home/astra/astra_ws/install/manual_key_control:/home/astra/astra_ws/install/astra_nav_control:/opt/ros/humble /usr/bin/cmake --install /home/astra/iroc_final_ws/vision_to_mav/build/vision_to_mavros
