running develop
running egg_info
creating odom_republisher.egg-info
writing odom_republisher.egg-info/PKG-INFO
writing dependency_links to odom_republisher.egg-info/dependency_links.txt
writing entry points to odom_republisher.egg-info/entry_points.txt
writing requirements to odom_republisher.egg-info/requires.txt
writing top-level names to odom_republisher.egg-info/top_level.txt
writing manifest file 'odom_republisher.egg-info/SOURCES.txt'
reading manifest file 'odom_republisher.egg-info/SOURCES.txt'
writing manifest file 'odom_republisher.egg-info/SOURCES.txt'
running build_ext
Creating /home/astra/iroc_final_ws/odom_repub/install/odom_republisher/lib/python3.10/site-packages/odom-republisher.egg-link (link to .)
Installing odom_republisher_node script to /home/astra/iroc_final_ws/odom_repub/install/odom_republisher/lib/odom_republisher

Installed /home/astra/iroc_final_ws/odom_repub/build/odom_republisher
running symlink_data
creating /home/astra/iroc_final_ws/odom_repub/install/odom_republisher/share/ament_index
creating /home/astra/iroc_final_ws/odom_repub/install/odom_republisher/share/ament_index/resource_index
creating /home/astra/iroc_final_ws/odom_repub/install/odom_republisher/share/ament_index/resource_index/packages
symbolically linking /home/astra/iroc_final_ws/odom_repub/build/odom_republisher/resource/odom_republisher -> /home/astra/iroc_final_ws/odom_repub/install/odom_republisher/share/ament_index/resource_index/packages
symbolically linking /home/astra/iroc_final_ws/odom_repub/build/odom_republisher/package.xml -> /home/astra/iroc_final_ws/odom_repub/install/odom_republisher/share/odom_republisher
