[2.107s] Invoking command in '/home/astra/iroc_final_ws/survey_and_nav/build/survey_and_nav': PYTHONPATH=/home/astra/iroc_final_ws/survey_and_nav/build/survey_and_nav/prefix_override:/usr/lib/python3/dist-packages/colcon_core/task/python/colcon_distutils_commands:/home/astra/iroc_final_ws/survey_and_nav/install/survey_and_nav/lib/python3.10/site-packages:${PYTHONPATH} /usr/bin/python3 -W ignore:setup.py install is deprecated -W ignore:easy_install command is deprecated setup.py develop --editable --build-directory /home/astra/iroc_final_ws/survey_and_nav/build/survey_and_nav/build --no-deps symlink_data
[2.760s] running develop
[3.251s] running egg_info
[3.251s] creating survey_and_nav.egg-info
[3.251s] writing survey_and_nav.egg-info/PKG-INFO
[3.252s] writing dependency_links to survey_and_nav.egg-info/dependency_links.txt
[3.252s] writing entry points to survey_and_nav.egg-info/entry_points.txt
[3.253s] writing requirements to survey_and_nav.egg-info/requires.txt
[3.253s] writing top-level names to survey_and_nav.egg-info/top_level.txt
[3.253s] writing manifest file 'survey_and_nav.egg-info/SOURCES.txt'
[3.309s] reading manifest file 'survey_and_nav.egg-info/SOURCES.txt'
[3.311s] writing manifest file 'survey_and_nav.egg-info/SOURCES.txt'
[3.396s] running build_ext
[3.396s] Creating /home/astra/iroc_final_ws/survey_and_nav/install/survey_and_nav/lib/python3.10/site-packages/survey-and-nav.egg-link (link to .)
[3.398s] Installing survey_node script to /home/astra/iroc_final_ws/survey_and_nav/install/survey_and_nav/lib/survey_and_nav
[3.399s] Installing testing_node script to /home/astra/iroc_final_ws/survey_and_nav/install/survey_and_nav/lib/survey_and_nav
[3.399s] 
[3.399s] Installed /home/astra/iroc_final_ws/survey_and_nav/build/survey_and_nav
[3.400s] running symlink_data
[3.400s] creating /home/astra/iroc_final_ws/survey_and_nav/install/survey_and_nav/share/ament_index
[3.400s] creating /home/astra/iroc_final_ws/survey_and_nav/install/survey_and_nav/share/ament_index/resource_index
[3.400s] creating /home/astra/iroc_final_ws/survey_and_nav/install/survey_and_nav/share/ament_index/resource_index/packages
[3.400s] symbolically linking /home/astra/iroc_final_ws/survey_and_nav/build/survey_and_nav/resource/survey_and_nav -> /home/astra/iroc_final_ws/survey_and_nav/install/survey_and_nav/share/ament_index/resource_index/packages
[3.400s] symbolically linking /home/astra/iroc_final_ws/survey_and_nav/build/survey_and_nav/package.xml -> /home/astra/iroc_final_ws/survey_and_nav/install/survey_and_nav/share/survey_and_nav
[3.516s] Invoked command in '/home/astra/iroc_final_ws/survey_and_nav/build/survey_and_nav' returned '0': PYTHONPATH=/home/astra/iroc_final_ws/survey_and_nav/build/survey_and_nav/prefix_override:/usr/lib/python3/dist-packages/colcon_core/task/python/colcon_distutils_commands:/home/astra/iroc_final_ws/survey_and_nav/install/survey_and_nav/lib/python3.10/site-packages:${PYTHONPATH} /usr/bin/python3 -W ignore:setup.py install is deprecated -W ignore:easy_install command is deprecated setup.py develop --editable --build-directory /home/astra/iroc_final_ws/survey_and_nav/build/survey_and_nav/build --no-deps symlink_data
