[0.416s] colcon DEBUG Command line arguments: ['/usr/bin/colcon', 'list', '-p', '--base-paths', '/home/astra/iroc_final_ws/survey_and_nav']
[0.416s] colcon DEBUG Parsed command line arguments: Namespace(log_base=None, log_level=None, verb_name='list', build_base='build', ignore_user_meta=False, metas=['./colcon.meta'], base_paths=['/home/astra/iroc_final_ws/survey_and_nav'], packages_ignore=None, packages_ignore_regex=None, paths=None, packages_up_to=None, packages_up_to_regex=None, packages_above=None, packages_above_and_dependencies=None, packages_above_depth=None, packages_select_by_dep=None, packages_skip_by_dep=None, packages_skip_up_to=None, packages_select_build_failed=False, packages_skip_build_finished=False, packages_select_test_failures=False, packages_skip_test_passed=False, packages_select=None, packages_skip=None, packages_select_regex=None, packages_skip_regex=None, packages_start=None, packages_end=None, allow_overriding=[], topological_order=False, names_only=False, paths_only=True, topological_graph=False, topological_graph_dot=False, topological_graph_density=False, topological_graph_legend=False, topological_graph_dot_cluster=False, topological_graph_dot_include_skipped=False, verb_parser=<colcon_defaults.argument_parser.defaults.DefaultArgumentsDecorator object at 0xffffb533f1c0>, verb_extension=<colcon_package_information.verb.list.ListVerb object at 0xffffb533e1a0>, main=<bound method ListVerb.main of <colcon_package_information.verb.list.ListVerb object at 0xffffb533e1a0>>)
[1.382s] colcon.colcon_core.package_discovery Level 1 discover_packages(colcon_meta) check parameters
[1.383s] colcon.colcon_core.package_discovery Level 1 discover_packages(recursive) check parameters
[1.383s] colcon.colcon_core.package_discovery Level 1 discover_packages(ignore) check parameters
[1.384s] colcon.colcon_core.package_discovery Level 1 discover_packages(path) check parameters
[1.384s] colcon.colcon_core.package_discovery Level 1 discover_packages(recursive) discover
[1.384s] colcon.colcon_core.package_discovery INFO Crawling recursively for packages in '/home/astra/iroc_final_ws/survey_and_nav'
[1.385s] colcon.colcon_core.package_identification Level 1 _identify(/home/astra/iroc_final_ws/survey_and_nav) by extensions ['ignore', 'ignore_ament_install']
[1.385s] colcon.colcon_core.package_identification Level 1 _identify(/home/astra/iroc_final_ws/survey_and_nav) by extension 'ignore'
[1.386s] colcon.colcon_core.package_identification Level 1 _identify(/home/astra/iroc_final_ws/survey_and_nav) by extension 'ignore_ament_install'
[1.386s] colcon.colcon_core.package_identification Level 1 _identify(/home/astra/iroc_final_ws/survey_and_nav) by extensions ['colcon_pkg']
[1.386s] colcon.colcon_core.package_identification Level 1 _identify(/home/astra/iroc_final_ws/survey_and_nav) by extension 'colcon_pkg'
[1.387s] colcon.colcon_core.package_identification Level 1 _identify(/home/astra/iroc_final_ws/survey_and_nav) by extensions ['colcon_meta']
[1.389s] colcon.colcon_core.package_identification Level 1 _identify(/home/astra/iroc_final_ws/survey_and_nav) by extension 'colcon_meta'
[1.389s] colcon.colcon_core.package_identification Level 1 _identify(/home/astra/iroc_final_ws/survey_and_nav) by extensions ['ros']
[1.389s] colcon.colcon_core.package_identification Level 1 _identify(/home/astra/iroc_final_ws/survey_and_nav) by extension 'ros'
[1.429s] colcon.colcon_core.package_identification Level 1 _identify(/home/astra/iroc_final_ws/survey_and_nav) by extensions ['cmake', 'python']
[1.429s] colcon.colcon_core.package_identification Level 1 _identify(/home/astra/iroc_final_ws/survey_and_nav) by extension 'cmake'
[1.429s] colcon.colcon_core.package_identification Level 1 _identify(/home/astra/iroc_final_ws/survey_and_nav) by extension 'python'
[1.430s] colcon.colcon_core.package_identification Level 1 _identify(/home/astra/iroc_final_ws/survey_and_nav) by extensions ['python_setup_py']
[1.430s] colcon.colcon_core.package_identification Level 1 _identify(/home/astra/iroc_final_ws/survey_and_nav) by extension 'python_setup_py'
[1.430s] colcon.colcon_core.package_identification Level 1 _identify(/home/astra/iroc_final_ws/survey_and_nav/log) by extensions ['ignore', 'ignore_ament_install']
[1.430s] colcon.colcon_core.package_identification Level 1 _identify(/home/astra/iroc_final_ws/survey_and_nav/log) by extension 'ignore'
[1.430s] colcon.colcon_core.package_identification Level 1 _identify(/home/astra/iroc_final_ws/survey_and_nav/log) ignored
[1.431s] colcon.colcon_core.package_identification Level 1 _identify(/home/astra/iroc_final_ws/survey_and_nav/src) by extensions ['ignore', 'ignore_ament_install']
[1.432s] colcon.colcon_core.package_identification Level 1 _identify(/home/astra/iroc_final_ws/survey_and_nav/src) by extension 'ignore'
[1.432s] colcon.colcon_core.package_identification Level 1 _identify(/home/astra/iroc_final_ws/survey_and_nav/src) by extension 'ignore_ament_install'
[1.432s] colcon.colcon_core.package_identification Level 1 _identify(/home/astra/iroc_final_ws/survey_and_nav/src) by extensions ['colcon_pkg']
[1.432s] colcon.colcon_core.package_identification Level 1 _identify(/home/astra/iroc_final_ws/survey_and_nav/src) by extension 'colcon_pkg'
[1.432s] colcon.colcon_core.package_identification Level 1 _identify(/home/astra/iroc_final_ws/survey_and_nav/src) by extensions ['colcon_meta']
[1.432s] colcon.colcon_core.package_identification Level 1 _identify(/home/astra/iroc_final_ws/survey_and_nav/src) by extension 'colcon_meta'
[1.433s] colcon.colcon_core.package_identification Level 1 _identify(/home/astra/iroc_final_ws/survey_and_nav/src) by extensions ['ros']
[1.433s] colcon.colcon_core.package_identification Level 1 _identify(/home/astra/iroc_final_ws/survey_and_nav/src) by extension 'ros'
[1.433s] colcon.colcon_core.package_identification Level 1 _identify(/home/astra/iroc_final_ws/survey_and_nav/src) by extensions ['cmake', 'python']
[1.433s] colcon.colcon_core.package_identification Level 1 _identify(/home/astra/iroc_final_ws/survey_and_nav/src) by extension 'cmake'
[1.433s] colcon.colcon_core.package_identification Level 1 _identify(/home/astra/iroc_final_ws/survey_and_nav/src) by extension 'python'
[1.433s] colcon.colcon_core.package_identification Level 1 _identify(/home/astra/iroc_final_ws/survey_and_nav/src) by extensions ['python_setup_py']
[1.433s] colcon.colcon_core.package_identification Level 1 _identify(/home/astra/iroc_final_ws/survey_and_nav/src) by extension 'python_setup_py'
[1.433s] colcon.colcon_core.package_identification Level 1 _identify(/home/astra/iroc_final_ws/survey_and_nav/src/survey_and_nav) by extensions ['ignore', 'ignore_ament_install']
[1.434s] colcon.colcon_core.package_identification Level 1 _identify(/home/astra/iroc_final_ws/survey_and_nav/src/survey_and_nav) by extension 'ignore'
[1.434s] colcon.colcon_core.package_identification Level 1 _identify(/home/astra/iroc_final_ws/survey_and_nav/src/survey_and_nav) by extension 'ignore_ament_install'
[1.434s] colcon.colcon_core.package_identification Level 1 _identify(/home/astra/iroc_final_ws/survey_and_nav/src/survey_and_nav) by extensions ['colcon_pkg']
[1.434s] colcon.colcon_core.package_identification Level 1 _identify(/home/astra/iroc_final_ws/survey_and_nav/src/survey_and_nav) by extension 'colcon_pkg'
[1.434s] colcon.colcon_core.package_identification Level 1 _identify(/home/astra/iroc_final_ws/survey_and_nav/src/survey_and_nav) by extensions ['colcon_meta']
[1.434s] colcon.colcon_core.package_identification Level 1 _identify(/home/astra/iroc_final_ws/survey_and_nav/src/survey_and_nav) by extension 'colcon_meta'
[1.435s] colcon.colcon_core.package_identification Level 1 _identify(/home/astra/iroc_final_ws/survey_and_nav/src/survey_and_nav) by extensions ['ros']
[1.435s] colcon.colcon_core.package_identification Level 1 _identify(/home/astra/iroc_final_ws/survey_and_nav/src/survey_and_nav) by extension 'ros'
[1.443s] colcon.colcon_core.package_identification DEBUG Package '/home/astra/iroc_final_ws/survey_and_nav/src/survey_and_nav' with type 'ros.ament_python' and name 'survey'
[1.443s] colcon.colcon_core.package_discovery Level 1 discover_packages(recursive) using defaults
