[0.324s] [34mcolcon[0m [1;30mDEBUG[0m [32mCommand line arguments: ['/usr/bin/colcon', 'build', '--symlink-install'][0m
[0.325s] [34mcolcon[0m [1;30mDEBUG[0m [32mParsed command line arguments: Namespace(log_base=None, log_level=None, verb_name='build', build_base='build', install_base='install', merge_install=False, symlink_install=True, test_result_base=None, continue_on_error=False, executor='parallel', parallel_workers=6, event_handlers=None, ignore_user_meta=False, metas=['./colcon.meta'], base_paths=['.'], packages_ignore=None, packages_ignore_regex=None, paths=None, packages_up_to=None, packages_up_to_regex=None, packages_above=None, packages_above_and_dependencies=None, packages_above_depth=None, packages_select_by_dep=None, packages_skip_by_dep=None, packages_skip_up_to=None, packages_select_build_failed=False, packages_skip_build_finished=False, packages_select_test_failures=False, packages_skip_test_passed=False, packages_select=None, packages_skip=None, packages_select_regex=None, packages_skip_regex=None, packages_start=None, packages_end=None, allow_overriding=[], cmake_args=None, cmake_target=None, cmake_target_skip_unavailable=False, cmake_clean_cache=False, cmake_clean_first=False, cmake_force_configure=False, ament_cmake_args=None, catkin_cmake_args=None, catkin_skip_building_tests=False, verb_parser=<colcon_defaults.argument_parser.defaults.DefaultArgumentsDecorator object at 0xffffa8ca2f80>, verb_extension=<colcon_core.verb.build.BuildVerb object at 0xffffa8ca2950>, main=<bound method BuildVerb.main of <colcon_core.verb.build.BuildVerb object at 0xffffa8ca2950>>)[0m
[0.843s] [34mcolcon.colcon_core.package_discovery[0m [1;30mLevel 1[0m discover_packages(colcon_meta) check parameters
[0.843s] [34mcolcon.colcon_core.package_discovery[0m [1;30mLevel 1[0m discover_packages(recursive) check parameters
[0.843s] [34mcolcon.colcon_core.package_discovery[0m [1;30mLevel 1[0m discover_packages(ignore) check parameters
[0.843s] [34mcolcon.colcon_core.package_discovery[0m [1;30mLevel 1[0m discover_packages(path) check parameters
[0.843s] [34mcolcon.colcon_core.package_discovery[0m [1;30mLevel 1[0m discover_packages(colcon_meta) discover
[0.844s] [34mcolcon.colcon_core.package_discovery[0m [1;30mLevel 1[0m discover_packages(recursive) discover
[0.844s] [34mcolcon.colcon_core.package_discovery[0m [1;30mINFO[0m Crawling recursively for packages in '/home/astra/iroc_final_ws/odom_repub'
[0.844s] [34mcolcon.colcon_core.package_identification[0m [1;30mLevel 1[0m _identify(.) by extensions ['ignore', 'ignore_ament_install']
[0.844s] [34mcolcon.colcon_core.package_identification[0m [1;30mLevel 1[0m _identify(.) by extension 'ignore'
[0.844s] [34mcolcon.colcon_core.package_identification[0m [1;30mLevel 1[0m _identify(.) by extension 'ignore_ament_install'
[0.844s] [34mcolcon.colcon_core.package_identification[0m [1;30mLevel 1[0m _identify(.) by extensions ['colcon_pkg']
[0.844s] [34mcolcon.colcon_core.package_identification[0m [1;30mLevel 1[0m _identify(.) by extension 'colcon_pkg'
[0.845s] [34mcolcon.colcon_core.package_identification[0m [1;30mLevel 1[0m _identify(.) by extensions ['colcon_meta']
[0.845s] [34mcolcon.colcon_core.package_identification[0m [1;30mLevel 1[0m _identify(.) by extension 'colcon_meta'
[0.845s] [34mcolcon.colcon_core.package_identification[0m [1;30mLevel 1[0m _identify(.) by extensions ['ros']
[0.845s] [34mcolcon.colcon_core.package_identification[0m [1;30mLevel 1[0m _identify(.) by extension 'ros'
[0.871s] [34mcolcon.colcon_core.package_identification[0m [1;30mLevel 1[0m _identify(.) by extensions ['cmake', 'python']
[0.871s] [34mcolcon.colcon_core.package_identification[0m [1;30mLevel 1[0m _identify(.) by extension 'cmake'
[0.871s] [34mcolcon.colcon_core.package_identification[0m [1;30mLevel 1[0m _identify(.) by extension 'python'
[0.871s] [34mcolcon.colcon_core.package_identification[0m [1;30mLevel 1[0m _identify(.) by extensions ['python_setup_py']
[0.872s] [34mcolcon.colcon_core.package_identification[0m [1;30mLevel 1[0m _identify(.) by extension 'python_setup_py'
[0.872s] [34mcolcon.colcon_core.package_identification[0m [1;30mLevel 1[0m _identify(build) by extensions ['ignore', 'ignore_ament_install']
[0.872s] [34mcolcon.colcon_core.package_identification[0m [1;30mLevel 1[0m _identify(build) by extension 'ignore'
[0.873s] [34mcolcon.colcon_core.package_identification[0m [1;30mLevel 1[0m _identify(build) ignored
[0.873s] [34mcolcon.colcon_core.package_identification[0m [1;30mLevel 1[0m _identify(install) by extensions ['ignore', 'ignore_ament_install']
[0.873s] [34mcolcon.colcon_core.package_identification[0m [1;30mLevel 1[0m _identify(install) by extension 'ignore'
[0.873s] [34mcolcon.colcon_core.package_identification[0m [1;30mLevel 1[0m _identify(install) ignored
[0.874s] [34mcolcon.colcon_core.package_identification[0m [1;30mLevel 1[0m _identify(log) by extensions ['ignore', 'ignore_ament_install']
[0.874s] [34mcolcon.colcon_core.package_identification[0m [1;30mLevel 1[0m _identify(log) by extension 'ignore'
[0.874s] [34mcolcon.colcon_core.package_identification[0m [1;30mLevel 1[0m _identify(log) ignored
[0.874s] [34mcolcon.colcon_core.package_identification[0m [1;30mLevel 1[0m _identify(src) by extensions ['ignore', 'ignore_ament_install']
[0.874s] [34mcolcon.colcon_core.package_identification[0m [1;30mLevel 1[0m _identify(src) by extension 'ignore'
[0.874s] [34mcolcon.colcon_core.package_identification[0m [1;30mLevel 1[0m _identify(src) by extension 'ignore_ament_install'
[0.875s] [34mcolcon.colcon_core.package_identification[0m [1;30mLevel 1[0m _identify(src) by extensions ['colcon_pkg']
[0.875s] [34mcolcon.colcon_core.package_identification[0m [1;30mLevel 1[0m _identify(src) by extension 'colcon_pkg'
[0.875s] [34mcolcon.colcon_core.package_identification[0m [1;30mLevel 1[0m _identify(src) by extensions ['colcon_meta']
[0.875s] [34mcolcon.colcon_core.package_identification[0m [1;30mLevel 1[0m _identify(src) by extension 'colcon_meta'
[0.875s] [34mcolcon.colcon_core.package_identification[0m [1;30mLevel 1[0m _identify(src) by extensions ['ros']
[0.875s] [34mcolcon.colcon_core.package_identification[0m [1;30mLevel 1[0m _identify(src) by extension 'ros'
[0.875s] [34mcolcon.colcon_core.package_identification[0m [1;30mLevel 1[0m _identify(src) by extensions ['cmake', 'python']
[0.875s] [34mcolcon.colcon_core.package_identification[0m [1;30mLevel 1[0m _identify(src) by extension 'cmake'
[0.875s] [34mcolcon.colcon_core.package_identification[0m [1;30mLevel 1[0m _identify(src) by extension 'python'
[0.875s] [34mcolcon.colcon_core.package_identification[0m [1;30mLevel 1[0m _identify(src) by extensions ['python_setup_py']
[0.875s] [34mcolcon.colcon_core.package_identification[0m [1;30mLevel 1[0m _identify(src) by extension 'python_setup_py'
[0.876s] [34mcolcon.colcon_core.package_identification[0m [1;30mLevel 1[0m _identify(src/odom_republisher) by extensions ['ignore', 'ignore_ament_install']
[0.876s] [34mcolcon.colcon_core.package_identification[0m [1;30mLevel 1[0m _identify(src/odom_republisher) by extension 'ignore'
[0.876s] [34mcolcon.colcon_core.package_identification[0m [1;30mLevel 1[0m _identify(src/odom_republisher) by extension 'ignore_ament_install'
[0.876s] [34mcolcon.colcon_core.package_identification[0m [1;30mLevel 1[0m _identify(src/odom_republisher) by extensions ['colcon_pkg']
[0.876s] [34mcolcon.colcon_core.package_identification[0m [1;30mLevel 1[0m _identify(src/odom_republisher) by extension 'colcon_pkg'
[0.876s] [34mcolcon.colcon_core.package_identification[0m [1;30mLevel 1[0m _identify(src/odom_republisher) by extensions ['colcon_meta']
[0.876s] [34mcolcon.colcon_core.package_identification[0m [1;30mLevel 1[0m _identify(src/odom_republisher) by extension 'colcon_meta'
[0.876s] [34mcolcon.colcon_core.package_identification[0m [1;30mLevel 1[0m _identify(src/odom_republisher) by extensions ['ros']
[0.877s] [34mcolcon.colcon_core.package_identification[0m [1;30mLevel 1[0m _identify(src/odom_republisher) by extension 'ros'
[0.882s] [34mcolcon.colcon_core.package_identification[0m [1;30mDEBUG[0m [32mPackage 'src/odom_republisher' with type 'ros.ament_python' and name 'odom_republisher'[0m
[0.882s] [34mcolcon.colcon_core.package_discovery[0m [1;30mLevel 1[0m discover_packages(recursive) using defaults
[0.883s] [34mcolcon.colcon_core.package_discovery[0m [1;30mLevel 1[0m discover_packages(ignore) discover
[0.883s] [34mcolcon.colcon_core.package_discovery[0m [1;30mLevel 1[0m discover_packages(ignore) using defaults
[0.883s] [34mcolcon.colcon_core.package_discovery[0m [1;30mLevel 1[0m discover_packages(path) discover
[0.883s] [34mcolcon.colcon_core.package_discovery[0m [1;30mLevel 1[0m discover_packages(path) using defaults
[0.912s] [34mcolcon.colcon_core.package_discovery[0m [1;30mLevel 1[0m discover_packages(prefix_path) check parameters
[0.912s] [34mcolcon.colcon_core.package_discovery[0m [1;30mLevel 1[0m discover_packages(prefix_path) discover
[0.917s] [34mcolcon.colcon_installed_package_information.package_discovery[0m [1;30mDEBUG[0m [32mFound 2 installed packages in /home/astra/iroc_final_ws/odom_repub/install[0m
[0.918s] [34mcolcon.colcon_installed_package_information.package_discovery[0m [1;30mDEBUG[0m [32mFound 1 installed packages in /home/astra/iroc_final_ws/vision_to_mav/install[0m
[0.920s] [34mcolcon.colcon_installed_package_information.package_discovery[0m [1;30mDEBUG[0m [32mFound 4 installed packages in /home/astra/astra_ws/install[0m
[0.921s] [34mcolcon.colcon_installed_package_information.package_discovery[0m [1;30mDEBUG[0m [32mFound 15 installed packages in /home/astra/ros2_ws/install[0m
[0.924s] [34mcolcon.colcon_installed_package_information.package_discovery[0m [1;30mDEBUG[0m [32mFound 304 installed packages in /opt/ros/humble[0m
[0.927s] [34mcolcon.colcon_core.package_discovery[0m [1;30mLevel 1[0m discover_packages(prefix_path) using defaults
[9.884s] [34mcolcon.colcon_core.verb[0m [1;30mLevel 5[0m set package 'odom_republisher' build argument 'cmake_args' from command line to 'None'
[9.884s] [34mcolcon.colcon_core.verb[0m [1;30mLevel 5[0m set package 'odom_republisher' build argument 'cmake_target' from command line to 'None'
[9.884s] [34mcolcon.colcon_core.verb[0m [1;30mLevel 5[0m set package 'odom_republisher' build argument 'cmake_target_skip_unavailable' from command line to 'False'
[9.884s] [34mcolcon.colcon_core.verb[0m [1;30mLevel 5[0m set package 'odom_republisher' build argument 'cmake_clean_cache' from command line to 'False'
[9.884s] [34mcolcon.colcon_core.verb[0m [1;30mLevel 5[0m set package 'odom_republisher' build argument 'cmake_clean_first' from command line to 'False'
[9.884s] [34mcolcon.colcon_core.verb[0m [1;30mLevel 5[0m set package 'odom_republisher' build argument 'cmake_force_configure' from command line to 'False'
[9.884s] [34mcolcon.colcon_core.verb[0m [1;30mLevel 5[0m set package 'odom_republisher' build argument 'ament_cmake_args' from command line to 'None'
[9.884s] [34mcolcon.colcon_core.verb[0m [1;30mLevel 5[0m set package 'odom_republisher' build argument 'catkin_cmake_args' from command line to 'None'
[9.884s] [34mcolcon.colcon_core.verb[0m [1;30mLevel 5[0m set package 'odom_republisher' build argument 'catkin_skip_building_tests' from command line to 'False'
[9.884s] [34mcolcon.colcon_core.verb[0m [1;30mDEBUG[0m [32mBuilding package 'odom_republisher' with the following arguments: {'ament_cmake_args': None, 'build_base': '/home/astra/iroc_final_ws/odom_repub/build/odom_republisher', 'catkin_cmake_args': None, 'catkin_skip_building_tests': False, 'cmake_args': None, 'cmake_clean_cache': False, 'cmake_clean_first': False, 'cmake_force_configure': False, 'cmake_target': None, 'cmake_target_skip_unavailable': False, 'install_base': '/home/astra/iroc_final_ws/odom_repub/install/odom_republisher', 'merge_install': False, 'path': '/home/astra/iroc_final_ws/odom_repub/src/odom_republisher', 'symlink_install': True, 'test_result_base': None}[0m
[9.885s] [34mcolcon.colcon_core.executor[0m [1;30mINFO[0m Executing jobs using 'parallel' executor
[9.887s] [34mcolcon.colcon_parallel_executor.executor.parallel[0m [1;30mDEBUG[0m [32mrun_until_complete[0m
[9.888s] [34mcolcon.colcon_ros.task.ament_python.build[0m [1;30mINFO[0m Building ROS package in '/home/astra/iroc_final_ws/odom_repub/src/odom_republisher' with build type 'ament_python'
[9.888s] [34mcolcon.colcon_core.shell[0m [1;30mLevel 1[0m create_environment_hook('odom_republisher', 'ament_prefix_path')
[9.894s] [34mcolcon.colcon_core.plugin_system[0m [1;30mINFO[0m Skipping extension 'colcon_core.shell.bat': Not used on non-Windows systems
[9.894s] [34mcolcon.colcon_core.shell[0m [1;30mINFO[0m Creating environment hook '/home/astra/iroc_final_ws/odom_repub/install/odom_republisher/share/odom_republisher/hook/ament_prefix_path.ps1'
[9.896s] [34mcolcon.colcon_core.shell[0m [1;30mINFO[0m Creating environment descriptor '/home/astra/iroc_final_ws/odom_repub/install/odom_republisher/share/odom_republisher/hook/ament_prefix_path.dsv'
[9.897s] [34mcolcon.colcon_core.shell[0m [1;30mINFO[0m Creating environment hook '/home/astra/iroc_final_ws/odom_repub/install/odom_republisher/share/odom_republisher/hook/ament_prefix_path.sh'
[9.899s] [34mcolcon.colcon_core.shell[0m [1;30mINFO[0m Skip shell extension 'powershell' for command environment: Not usable outside of PowerShell
[9.899s] [34mcolcon.colcon_core.shell[0m [1;30mDEBUG[0m [32mSkip shell extension 'dsv' for command environment[0m
[10.608s] [34mcolcon.colcon_core.task.python.build[0m [1;30mINFO[0m Building Python package in '/home/astra/iroc_final_ws/odom_repub/src/odom_republisher'
[10.663s] [34mcolcon.colcon_core.shell[0m [1;30mINFO[0m Skip shell extension 'powershell' for command environment: Not usable outside of PowerShell
[10.663s] [34mcolcon.colcon_core.shell[0m [1;30mDEBUG[0m [32mSkip shell extension 'dsv' for command environment[0m
[11.862s] [34mcolcon.colcon_core.event_handler.log_command[0m [1;30mDEBUG[0m [32mInvoking command in '/home/astra/iroc_final_ws/odom_repub/build/odom_republisher': PYTHONPATH=/home/astra/iroc_final_ws/odom_repub/build/odom_republisher/prefix_override:/usr/lib/python3/dist-packages/colcon_core/task/python/colcon_distutils_commands:/home/astra/iroc_final_ws/odom_repub/install/odom_republisher/lib/python3.10/site-packages:${PYTHONPATH} /usr/bin/python3 -W ignore:setup.py install is deprecated -W ignore:easy_install command is deprecated setup.py develop --editable --build-directory /home/astra/iroc_final_ws/odom_repub/build/odom_republisher/build --no-deps symlink_data[0m
[13.311s] [34mcolcon.colcon_core.shell[0m [1;30mLevel 1[0m create_environment_hook('odom_republisher', 'pythonpath_develop')
[13.313s] [34mcolcon.colcon_core.shell[0m [1;30mINFO[0m Creating environment hook '/home/astra/iroc_final_ws/odom_repub/build/odom_republisher/share/odom_republisher/hook/pythonpath_develop.ps1'
[13.314s] [34mcolcon.colcon_core.event_handler.log_command[0m [1;30mDEBUG[0m [32mInvoked command in '/home/astra/iroc_final_ws/odom_repub/build/odom_republisher' returned '0': PYTHONPATH=/home/astra/iroc_final_ws/odom_repub/build/odom_republisher/prefix_override:/usr/lib/python3/dist-packages/colcon_core/task/python/colcon_distutils_commands:/home/astra/iroc_final_ws/odom_repub/install/odom_republisher/lib/python3.10/site-packages:${PYTHONPATH} /usr/bin/python3 -W ignore:setup.py install is deprecated -W ignore:easy_install command is deprecated setup.py develop --editable --build-directory /home/astra/iroc_final_ws/odom_repub/build/odom_republisher/build --no-deps symlink_data[0m
[13.317s] [34mcolcon.colcon_core.shell[0m [1;30mINFO[0m Creating environment descriptor '/home/astra/iroc_final_ws/odom_repub/build/odom_republisher/share/odom_republisher/hook/pythonpath_develop.dsv'
[13.318s] [34mcolcon.colcon_core.shell[0m [1;30mINFO[0m Creating environment hook '/home/astra/iroc_final_ws/odom_repub/build/odom_republisher/share/odom_republisher/hook/pythonpath_develop.sh'
[13.330s] [34mcolcon.colcon_core.environment[0m [1;30mLevel 1[0m checking '/home/astra/iroc_final_ws/odom_repub/install/odom_republisher' for CMake module files
[13.332s] [34mcolcon.colcon_core.environment[0m [1;30mLevel 1[0m checking '/home/astra/iroc_final_ws/odom_repub/install/odom_republisher' for CMake config files
[13.334s] [34mcolcon.colcon_core.environment[0m [1;30mLevel 1[0m checking '/home/astra/iroc_final_ws/odom_repub/install/odom_republisher/lib'
[13.335s] [34mcolcon.colcon_core.environment[0m [1;30mLevel 1[0m checking '/home/astra/iroc_final_ws/odom_repub/install/odom_republisher/bin'
[13.335s] [34mcolcon.colcon_core.environment[0m [1;30mLevel 1[0m checking '/home/astra/iroc_final_ws/odom_repub/install/odom_republisher/lib/pkgconfig/odom_republisher.pc'
[13.336s] [34mcolcon.colcon_core.environment[0m [1;30mLevel 1[0m checking '/home/astra/iroc_final_ws/odom_repub/install/odom_republisher/lib/python3.10/site-packages'
[13.336s] [34mcolcon.colcon_core.shell[0m [1;30mLevel 1[0m create_environment_hook('odom_republisher', 'pythonpath')
[13.337s] [34mcolcon.colcon_core.shell[0m [1;30mINFO[0m Creating environment hook '/home/astra/iroc_final_ws/odom_repub/install/odom_republisher/share/odom_republisher/hook/pythonpath.ps1'
[13.339s] [34mcolcon.colcon_core.shell[0m [1;30mINFO[0m Creating environment descriptor '/home/astra/iroc_final_ws/odom_repub/install/odom_republisher/share/odom_republisher/hook/pythonpath.dsv'
[13.340s] [34mcolcon.colcon_core.shell[0m [1;30mINFO[0m Creating environment hook '/home/astra/iroc_final_ws/odom_repub/install/odom_republisher/share/odom_republisher/hook/pythonpath.sh'
[13.343s] [34mcolcon.colcon_core.environment[0m [1;30mLevel 1[0m checking '/home/astra/iroc_final_ws/odom_repub/install/odom_republisher/bin'
[13.343s] [34mcolcon.colcon_core.environment[0m [1;30mLevel 1[0m create_environment_scripts_only(odom_republisher)
[13.344s] [34mcolcon.colcon_core.shell[0m [1;30mINFO[0m Creating package script '/home/astra/iroc_final_ws/odom_repub/install/odom_republisher/share/odom_republisher/package.ps1'
[13.348s] [34mcolcon.colcon_core.shell[0m [1;30mINFO[0m Creating package descriptor '/home/astra/iroc_final_ws/odom_repub/install/odom_republisher/share/odom_republisher/package.dsv'
[13.350s] [34mcolcon.colcon_core.shell[0m [1;30mINFO[0m Creating package script '/home/astra/iroc_final_ws/odom_repub/install/odom_republisher/share/odom_republisher/package.sh'
[13.354s] [34mcolcon.colcon_core.shell[0m [1;30mINFO[0m Creating package script '/home/astra/iroc_final_ws/odom_repub/install/odom_republisher/share/odom_republisher/package.bash'
[13.356s] [34mcolcon.colcon_core.shell[0m [1;30mINFO[0m Creating package script '/home/astra/iroc_final_ws/odom_repub/install/odom_republisher/share/odom_republisher/package.zsh'
[13.360s] [34mcolcon.colcon_core.environment[0m [1;30mLevel 1[0m create_file_with_runtime_dependencies(/home/astra/iroc_final_ws/odom_repub/install/odom_republisher/share/colcon-core/packages/odom_republisher)
[13.362s] [34mcolcon.colcon_parallel_executor.executor.parallel[0m [1;30mDEBUG[0m [32mclosing loop[0m
[13.363s] [34mcolcon.colcon_parallel_executor.executor.parallel[0m [1;30mDEBUG[0m [32mloop closed[0m
[13.363s] [34mcolcon.colcon_parallel_executor.executor.parallel[0m [1;30mDEBUG[0m [32mrun_until_complete finished with '0'[0m
[13.364s] [34mcolcon.colcon_core.event_reactor[0m [1;30mDEBUG[0m [32mjoining thread[0m
[13.386s] [34mcolcon.colcon_core.plugin_system[0m [1;30mINFO[0m Skipping extension 'colcon_notification.desktop_notification.terminal_notifier': Not used on non-Darwin systems
[13.387s] [34mcolcon.colcon_core.plugin_system[0m [1;30mINFO[0m Skipping extension 'colcon_notification.desktop_notification.win32': Not used on non-Windows systems
[13.387s] [34mcolcon.colcon_notification.desktop_notification[0m [1;30mINFO[0m Sending desktop notification using 'notify2'
[13.437s] [34mcolcon.colcon_core.event_reactor[0m [1;30mDEBUG[0m [32mjoined thread[0m
[13.439s] [34mcolcon.colcon_core.shell[0m [1;30mINFO[0m Creating prefix script '/home/astra/iroc_final_ws/odom_repub/install/local_setup.ps1'
[13.443s] [34mcolcon.colcon_core.shell[0m [1;30mINFO[0m Creating prefix util module '/home/astra/iroc_final_ws/odom_repub/install/_local_setup_util_ps1.py'
[13.449s] [34mcolcon.colcon_core.shell[0m [1;30mINFO[0m Creating prefix chain script '/home/astra/iroc_final_ws/odom_repub/install/setup.ps1'
[13.457s] [34mcolcon.colcon_core.shell[0m [1;30mINFO[0m Creating prefix script '/home/astra/iroc_final_ws/odom_repub/install/local_setup.sh'
[13.459s] [34mcolcon.colcon_core.shell[0m [1;30mINFO[0m Creating prefix util module '/home/astra/iroc_final_ws/odom_repub/install/_local_setup_util_sh.py'
[13.462s] [34mcolcon.colcon_core.shell[0m [1;30mINFO[0m Creating prefix chain script '/home/astra/iroc_final_ws/odom_repub/install/setup.sh'
[13.470s] [34mcolcon.colcon_core.shell[0m [1;30mINFO[0m Creating prefix script '/home/astra/iroc_final_ws/odom_repub/install/local_setup.bash'
[13.472s] [34mcolcon.colcon_core.shell[0m [1;30mINFO[0m Creating prefix chain script '/home/astra/iroc_final_ws/odom_repub/install/setup.bash'
[13.480s] [34mcolcon.colcon_core.shell[0m [1;30mINFO[0m Creating prefix script '/home/astra/iroc_final_ws/odom_repub/install/local_setup.zsh'
[13.482s] [34mcolcon.colcon_core.shell[0m [1;30mINFO[0m Creating prefix chain script '/home/astra/iroc_final_ws/odom_repub/install/setup.zsh'
