[0.019s] Invoking command in '/home/astra/IRoC_ws/map_saver/build/zed_pcd_saver': /usr/bin/cmake /home/astra/IRoC_ws/map_saver/src/zed_pcd_saver -DCMAKE_INSTALL_PREFIX=/home/astra/IRoC_ws/map_saver/install/zed_pcd_saver
[0.133s] -- The C compiler identification is GNU 11.4.0
[0.264s] -- The CXX compiler identification is GNU 11.4.0
[0.288s] -- Detecting C compiler ABI info
[0.472s] -- Detecting C compiler ABI info - done
[0.496s] -- Check for working C compiler: /usr/bin/cc - skipped
[0.497s] -- Detecting C compile features
[0.498s] -- Detecting C compile features - done
[0.510s] -- Detecting CXX compiler ABI info
[0.703s] -- Detecting CXX compiler ABI info - done
[0.729s] -- Check for working CXX compiler: /usr/bin/c++ - skipped
[0.730s] -- Detecting CXX compile features
[0.732s] -- Detecting CXX compile features - done
[0.738s] -- Found ament_cmake: 1.3.11 (/opt/ros/humble/share/ament_cmake/cmake)
[1.116s] -- Found Python3: /usr/bin/python3 (found version "3.10.12") found components: Interpreter 
[1.351s] -- Found rclcpp: 16.0.12 (/opt/ros/humble/share/rclcpp/cmake)
[1.435s] -- Found rosidl_generator_c: 3.1.6 (/opt/ros/humble/share/rosidl_generator_c/cmake)
[1.443s] -- Found rosidl_adapter: 3.1.6 (/opt/ros/humble/share/rosidl_adapter/cmake)
[1.458s] -- Found rosidl_generator_cpp: 3.1.6 (/opt/ros/humble/share/rosidl_generator_cpp/cmake)
[1.479s] [31mCMake Error at /opt/ros/humble/share/rosidl_typesupport_c/cmake/get_used_typesupports.cmake:35 (message):
[1.479s]   No 'rosidl_typesupport_c' found
[1.479s] Call Stack (most recent call first):
[1.480s]   /opt/ros/humble/share/rosidl_typesupport_c/cmake/rosidl_typesupport_c-extras.cmake:8 (get_used_typesupports)
[1.480s]   /opt/ros/humble/share/rosidl_typesupport_c/cmake/rosidl_typesupport_cConfig.cmake:41 (include)
[1.480s]   /opt/ros/humble/share/builtin_interfaces/cmake/ament_cmake_export_dependencies-extras.cmake:21 (find_package)
[1.480s]   /opt/ros/humble/share/builtin_interfaces/cmake/builtin_interfacesConfig.cmake:41 (include)
[1.481s]   /opt/ros/humble/share/libstatistics_collector/cmake/ament_cmake_export_dependencies-extras.cmake:21 (find_package)
[1.481s]   /opt/ros/humble/share/libstatistics_collector/cmake/libstatistics_collectorConfig.cmake:41 (include)
[1.481s]   /opt/ros/humble/share/rclcpp/cmake/ament_cmake_export_dependencies-extras.cmake:21 (find_package)
[1.481s]   /opt/ros/humble/share/rclcpp/cmake/rclcppConfig.cmake:41 (include)
[1.481s]   CMakeLists.txt:10 (find_package)
[1.482s] 
[1.482s] [0m
[1.482s] -- Configuring incomplete, errors occurred!
[1.482s] See also "/home/astra/IRoC_ws/map_saver/build/zed_pcd_saver/CMakeFiles/CMakeOutput.log".
[1.493s] Invoked command in '/home/astra/IRoC_ws/map_saver/build/zed_pcd_saver' returned '1': /usr/bin/cmake /home/astra/IRoC_ws/map_saver/src/zed_pcd_saver -DCMAKE_INSTALL_PREFIX=/home/astra/IRoC_ws/map_saver/install/zed_pcd_saver
