[0.359s] [34mcolcon[0m [1;30mDEBUG[0m [32mCommand line arguments: ['/usr/bin/colcon', 'build', '--symlink-install'][0m
[0.360s] [34mcolcon[0m [1;30mDEBUG[0m [32mParsed command line arguments: Namespace(log_base=None, log_level=None, verb_name='build', build_base='build', install_base='install', merge_install=False, symlink_install=True, test_result_base=None, continue_on_error=False, executor='parallel', parallel_workers=6, event_handlers=None, ignore_user_meta=False, metas=['./colcon.meta'], base_paths=['.'], packages_ignore=None, packages_ignore_regex=None, paths=None, packages_up_to=None, packages_up_to_regex=None, packages_above=None, packages_above_and_dependencies=None, packages_above_depth=None, packages_select_by_dep=None, packages_skip_by_dep=None, packages_skip_up_to=None, packages_select_build_failed=False, packages_skip_build_finished=False, packages_select_test_failures=False, packages_skip_test_passed=False, packages_select=None, packages_skip=None, packages_select_regex=None, packages_skip_regex=None, packages_start=None, packages_end=None, allow_overriding=[], cmake_args=None, cmake_target=None, cmake_target_skip_unavailable=False, cmake_clean_cache=False, cmake_clean_first=False, cmake_force_configure=False, ament_cmake_args=None, catkin_cmake_args=None, catkin_skip_building_tests=False, verb_parser=<colcon_defaults.argument_parser.defaults.DefaultArgumentsDecorator object at 0xffff9bf76530>, verb_extension=<colcon_core.verb.build.BuildVerb object at 0xffff9bf75f00>, main=<bound method BuildVerb.main of <colcon_core.verb.build.BuildVerb object at 0xffff9bf75f00>>)[0m
[0.868s] [34mcolcon.colcon_core.package_discovery[0m [1;30mLevel 1[0m discover_packages(colcon_meta) check parameters
[0.869s] [34mcolcon.colcon_core.package_discovery[0m [1;30mLevel 1[0m discover_packages(recursive) check parameters
[0.869s] [34mcolcon.colcon_core.package_discovery[0m [1;30mLevel 1[0m discover_packages(ignore) check parameters
[0.869s] [34mcolcon.colcon_core.package_discovery[0m [1;30mLevel 1[0m discover_packages(path) check parameters
[0.869s] [34mcolcon.colcon_core.package_discovery[0m [1;30mLevel 1[0m discover_packages(colcon_meta) discover
[0.869s] [34mcolcon.colcon_core.package_discovery[0m [1;30mLevel 1[0m discover_packages(recursive) discover
[0.869s] [34mcolcon.colcon_core.package_discovery[0m [1;30mINFO[0m Crawling recursively for packages in '/home/astra/iroc_final_ws/survey_and_nav'
[0.869s] [34mcolcon.colcon_core.package_identification[0m [1;30mLevel 1[0m _identify(.) by extensions ['ignore', 'ignore_ament_install']
[0.870s] [34mcolcon.colcon_core.package_identification[0m [1;30mLevel 1[0m _identify(.) by extension 'ignore'
[0.870s] [34mcolcon.colcon_core.package_identification[0m [1;30mLevel 1[0m _identify(.) by extension 'ignore_ament_install'
[0.870s] [34mcolcon.colcon_core.package_identification[0m [1;30mLevel 1[0m _identify(.) by extensions ['colcon_pkg']
[0.870s] [34mcolcon.colcon_core.package_identification[0m [1;30mLevel 1[0m _identify(.) by extension 'colcon_pkg'
[0.870s] [34mcolcon.colcon_core.package_identification[0m [1;30mLevel 1[0m _identify(.) by extensions ['colcon_meta']
[0.870s] [34mcolcon.colcon_core.package_identification[0m [1;30mLevel 1[0m _identify(.) by extension 'colcon_meta'
[0.870s] [34mcolcon.colcon_core.package_identification[0m [1;30mLevel 1[0m _identify(.) by extensions ['ros']
[0.870s] [34mcolcon.colcon_core.package_identification[0m [1;30mLevel 1[0m _identify(.) by extension 'ros'
[0.895s] [34mcolcon.colcon_core.package_identification[0m [1;30mLevel 1[0m _identify(.) by extensions ['cmake', 'python']
[0.896s] [34mcolcon.colcon_core.package_identification[0m [1;30mLevel 1[0m _identify(.) by extension 'cmake'
[0.896s] [34mcolcon.colcon_core.package_identification[0m [1;30mLevel 1[0m _identify(.) by extension 'python'
[0.896s] [34mcolcon.colcon_core.package_identification[0m [1;30mLevel 1[0m _identify(.) by extensions ['python_setup_py']
[0.896s] [34mcolcon.colcon_core.package_identification[0m [1;30mLevel 1[0m _identify(.) by extension 'python_setup_py'
[0.896s] [34mcolcon.colcon_core.package_identification[0m [1;30mLevel 1[0m _identify(build) by extensions ['ignore', 'ignore_ament_install']
[0.897s] [34mcolcon.colcon_core.package_identification[0m [1;30mLevel 1[0m _identify(build) by extension 'ignore'
[0.897s] [34mcolcon.colcon_core.package_identification[0m [1;30mLevel 1[0m _identify(build) ignored
[0.897s] [34mcolcon.colcon_core.package_identification[0m [1;30mLevel 1[0m _identify(install) by extensions ['ignore', 'ignore_ament_install']
[0.897s] [34mcolcon.colcon_core.package_identification[0m [1;30mLevel 1[0m _identify(install) by extension 'ignore'
[0.897s] [34mcolcon.colcon_core.package_identification[0m [1;30mLevel 1[0m _identify(install) ignored
[0.898s] [34mcolcon.colcon_core.package_identification[0m [1;30mLevel 1[0m _identify(log) by extensions ['ignore', 'ignore_ament_install']
[0.898s] [34mcolcon.colcon_core.package_identification[0m [1;30mLevel 1[0m _identify(log) by extension 'ignore'
[0.898s] [34mcolcon.colcon_core.package_identification[0m [1;30mLevel 1[0m _identify(log) ignored
[0.898s] [34mcolcon.colcon_core.package_identification[0m [1;30mLevel 1[0m _identify(src) by extensions ['ignore', 'ignore_ament_install']
[0.898s] [34mcolcon.colcon_core.package_identification[0m [1;30mLevel 1[0m _identify(src) by extension 'ignore'
[0.899s] [34mcolcon.colcon_core.package_identification[0m [1;30mLevel 1[0m _identify(src) by extension 'ignore_ament_install'
[0.899s] [34mcolcon.colcon_core.package_identification[0m [1;30mLevel 1[0m _identify(src) by extensions ['colcon_pkg']
[0.899s] [34mcolcon.colcon_core.package_identification[0m [1;30mLevel 1[0m _identify(src) by extension 'colcon_pkg'
[0.899s] [34mcolcon.colcon_core.package_identification[0m [1;30mLevel 1[0m _identify(src) by extensions ['colcon_meta']
[0.899s] [34mcolcon.colcon_core.package_identification[0m [1;30mLevel 1[0m _identify(src) by extension 'colcon_meta'
[0.899s] [34mcolcon.colcon_core.package_identification[0m [1;30mLevel 1[0m _identify(src) by extensions ['ros']
[0.899s] [34mcolcon.colcon_core.package_identification[0m [1;30mLevel 1[0m _identify(src) by extension 'ros'
[0.899s] [34mcolcon.colcon_core.package_identification[0m [1;30mLevel 1[0m _identify(src) by extensions ['cmake', 'python']
[0.899s] [34mcolcon.colcon_core.package_identification[0m [1;30mLevel 1[0m _identify(src) by extension 'cmake'
[0.899s] [34mcolcon.colcon_core.package_identification[0m [1;30mLevel 1[0m _identify(src) by extension 'python'
[0.900s] [34mcolcon.colcon_core.package_identification[0m [1;30mLevel 1[0m _identify(src) by extensions ['python_setup_py']
[0.900s] [34mcolcon.colcon_core.package_identification[0m [1;30mLevel 1[0m _identify(src) by extension 'python_setup_py'
[0.900s] [34mcolcon.colcon_core.package_identification[0m [1;30mLevel 1[0m _identify(src/survey_and_nav) by extensions ['ignore', 'ignore_ament_install']
[0.900s] [34mcolcon.colcon_core.package_identification[0m [1;30mLevel 1[0m _identify(src/survey_and_nav) by extension 'ignore'
[0.900s] [34mcolcon.colcon_core.package_identification[0m [1;30mLevel 1[0m _identify(src/survey_and_nav) by extension 'ignore_ament_install'
[0.900s] [34mcolcon.colcon_core.package_identification[0m [1;30mLevel 1[0m _identify(src/survey_and_nav) by extensions ['colcon_pkg']
[0.900s] [34mcolcon.colcon_core.package_identification[0m [1;30mLevel 1[0m _identify(src/survey_and_nav) by extension 'colcon_pkg'
[0.900s] [34mcolcon.colcon_core.package_identification[0m [1;30mLevel 1[0m _identify(src/survey_and_nav) by extensions ['colcon_meta']
[0.901s] [34mcolcon.colcon_core.package_identification[0m [1;30mLevel 1[0m _identify(src/survey_and_nav) by extension 'colcon_meta'
[0.901s] [34mcolcon.colcon_core.package_identification[0m [1;30mLevel 1[0m _identify(src/survey_and_nav) by extensions ['ros']
[0.901s] [34mcolcon.colcon_core.package_identification[0m [1;30mLevel 1[0m _identify(src/survey_and_nav) by extension 'ros'
[0.907s] [34mcolcon.colcon_core.package_identification[0m [1;30mDEBUG[0m [32mPackage 'src/survey_and_nav' with type 'ros.ament_python' and name 'survey_and_nav'[0m
[0.907s] [34mcolcon.colcon_core.package_discovery[0m [1;30mLevel 1[0m discover_packages(recursive) using defaults
[0.907s] [34mcolcon.colcon_core.package_discovery[0m [1;30mLevel 1[0m discover_packages(ignore) discover
[0.907s] [34mcolcon.colcon_core.package_discovery[0m [1;30mLevel 1[0m discover_packages(ignore) using defaults
[0.907s] [34mcolcon.colcon_core.package_discovery[0m [1;30mLevel 1[0m discover_packages(path) discover
[0.907s] [34mcolcon.colcon_core.package_discovery[0m [1;30mLevel 1[0m discover_packages(path) using defaults
[0.936s] [34mcolcon.colcon_core.package_discovery[0m [1;30mLevel 1[0m discover_packages(prefix_path) check parameters
[0.936s] [34mcolcon.colcon_core.package_discovery[0m [1;30mLevel 1[0m discover_packages(prefix_path) discover
[0.945s] [34mcolcon.colcon_installed_package_information.package_discovery[0m [1;30mDEBUG[0m [32mFound 4 installed packages in /home/astra/astra_ws/install[0m
[0.946s] [34mcolcon.colcon_installed_package_information.package_discovery[0m [1;30mDEBUG[0m [32mFound 1 installed packages in /home/astra/ros2_ws/install[0m
[0.951s] [34mcolcon.colcon_installed_package_information.package_discovery[0m [1;30mDEBUG[0m [32mFound 304 installed packages in /opt/ros/humble[0m
[0.953s] [34mcolcon.colcon_core.package_discovery[0m [1;30mLevel 1[0m discover_packages(prefix_path) using defaults
[1.049s] [34mcolcon.colcon_core.verb[0m [1;30mLevel 5[0m set package 'survey_and_nav' build argument 'cmake_args' from command line to 'None'
[1.049s] [34mcolcon.colcon_core.verb[0m [1;30mLevel 5[0m set package 'survey_and_nav' build argument 'cmake_target' from command line to 'None'
[1.049s] [34mcolcon.colcon_core.verb[0m [1;30mLevel 5[0m set package 'survey_and_nav' build argument 'cmake_target_skip_unavailable' from command line to 'False'
[1.049s] [34mcolcon.colcon_core.verb[0m [1;30mLevel 5[0m set package 'survey_and_nav' build argument 'cmake_clean_cache' from command line to 'False'
[1.049s] [34mcolcon.colcon_core.verb[0m [1;30mLevel 5[0m set package 'survey_and_nav' build argument 'cmake_clean_first' from command line to 'False'
[1.049s] [34mcolcon.colcon_core.verb[0m [1;30mLevel 5[0m set package 'survey_and_nav' build argument 'cmake_force_configure' from command line to 'False'
[1.049s] [34mcolcon.colcon_core.verb[0m [1;30mLevel 5[0m set package 'survey_and_nav' build argument 'ament_cmake_args' from command line to 'None'
[1.049s] [34mcolcon.colcon_core.verb[0m [1;30mLevel 5[0m set package 'survey_and_nav' build argument 'catkin_cmake_args' from command line to 'None'
[1.049s] [34mcolcon.colcon_core.verb[0m [1;30mLevel 5[0m set package 'survey_and_nav' build argument 'catkin_skip_building_tests' from command line to 'False'
[1.050s] [34mcolcon.colcon_core.verb[0m [1;30mDEBUG[0m [32mBuilding package 'survey_and_nav' with the following arguments: {'ament_cmake_args': None, 'build_base': '/home/astra/iroc_final_ws/survey_and_nav/build/survey_and_nav', 'catkin_cmake_args': None, 'catkin_skip_building_tests': False, 'cmake_args': None, 'cmake_clean_cache': False, 'cmake_clean_first': False, 'cmake_force_configure': False, 'cmake_target': None, 'cmake_target_skip_unavailable': False, 'install_base': '/home/astra/iroc_final_ws/survey_and_nav/install/survey_and_nav', 'merge_install': False, 'path': '/home/astra/iroc_final_ws/survey_and_nav/src/survey_and_nav', 'symlink_install': True, 'test_result_base': None}[0m
[1.050s] [34mcolcon.colcon_core.executor[0m [1;30mINFO[0m Executing jobs using 'parallel' executor
[1.052s] [34mcolcon.colcon_parallel_executor.executor.parallel[0m [1;30mDEBUG[0m [32mrun_until_complete[0m
[1.053s] [34mcolcon.colcon_ros.task.ament_python.build[0m [1;30mINFO[0m Building ROS package in '/home/astra/iroc_final_ws/survey_and_nav/src/survey_and_nav' with build type 'ament_python'
[1.053s] [34mcolcon.colcon_core.shell[0m [1;30mLevel 1[0m create_environment_hook('survey_and_nav', 'ament_prefix_path')
[1.063s] [34mcolcon.colcon_core.plugin_system[0m [1;30mINFO[0m Skipping extension 'colcon_core.shell.bat': Not used on non-Windows systems
[1.063s] [34mcolcon.colcon_core.shell[0m [1;30mINFO[0m Creating environment hook '/home/astra/iroc_final_ws/survey_and_nav/install/survey_and_nav/share/survey_and_nav/hook/ament_prefix_path.ps1'
[1.065s] [34mcolcon.colcon_core.shell[0m [1;30mINFO[0m Creating environment descriptor '/home/astra/iroc_final_ws/survey_and_nav/install/survey_and_nav/share/survey_and_nav/hook/ament_prefix_path.dsv'
[1.067s] [34mcolcon.colcon_core.shell[0m [1;30mINFO[0m Creating environment hook '/home/astra/iroc_final_ws/survey_and_nav/install/survey_and_nav/share/survey_and_nav/hook/ament_prefix_path.sh'
[1.069s] [34mcolcon.colcon_core.shell[0m [1;30mINFO[0m Skip shell extension 'powershell' for command environment: Not usable outside of PowerShell
[1.069s] [34mcolcon.colcon_core.shell[0m [1;30mDEBUG[0m [32mSkip shell extension 'dsv' for command environment[0m
[1.749s] [34mcolcon.colcon_core.task.python.build[0m [1;30mINFO[0m Building Python package in '/home/astra/iroc_final_ws/survey_and_nav/src/survey_and_nav'
[1.749s] [34mcolcon.colcon_core.shell[0m [1;30mINFO[0m Skip shell extension 'powershell' for command environment: Not usable outside of PowerShell
[1.750s] [34mcolcon.colcon_core.shell[0m [1;30mDEBUG[0m [32mSkip shell extension 'dsv' for command environment[0m
[3.161s] [34mcolcon.colcon_core.event_handler.log_command[0m [1;30mDEBUG[0m [32mInvoking command in '/home/astra/iroc_final_ws/survey_and_nav/build/survey_and_nav': PYTHONPATH=/home/astra/iroc_final_ws/survey_and_nav/build/survey_and_nav/prefix_override:/usr/lib/python3/dist-packages/colcon_core/task/python/colcon_distutils_commands:/home/astra/iroc_final_ws/survey_and_nav/install/survey_and_nav/lib/python3.10/site-packages:${PYTHONPATH} /usr/bin/python3 -W ignore:setup.py install is deprecated -W ignore:easy_install command is deprecated setup.py develop --editable --build-directory /home/astra/iroc_final_ws/survey_and_nav/build/survey_and_nav/build --no-deps symlink_data[0m
[4.567s] [34mcolcon.colcon_core.shell[0m [1;30mLevel 1[0m create_environment_hook('survey_and_nav', 'pythonpath_develop')
[4.568s] [34mcolcon.colcon_core.shell[0m [1;30mINFO[0m Creating environment hook '/home/astra/iroc_final_ws/survey_and_nav/build/survey_and_nav/share/survey_and_nav/hook/pythonpath_develop.ps1'
[4.570s] [34mcolcon.colcon_core.event_handler.log_command[0m [1;30mDEBUG[0m [32mInvoked command in '/home/astra/iroc_final_ws/survey_and_nav/build/survey_and_nav' returned '0': PYTHONPATH=/home/astra/iroc_final_ws/survey_and_nav/build/survey_and_nav/prefix_override:/usr/lib/python3/dist-packages/colcon_core/task/python/colcon_distutils_commands:/home/astra/iroc_final_ws/survey_and_nav/install/survey_and_nav/lib/python3.10/site-packages:${PYTHONPATH} /usr/bin/python3 -W ignore:setup.py install is deprecated -W ignore:easy_install command is deprecated setup.py develop --editable --build-directory /home/astra/iroc_final_ws/survey_and_nav/build/survey_and_nav/build --no-deps symlink_data[0m
[4.572s] [34mcolcon.colcon_core.shell[0m [1;30mINFO[0m Creating environment descriptor '/home/astra/iroc_final_ws/survey_and_nav/build/survey_and_nav/share/survey_and_nav/hook/pythonpath_develop.dsv'
[4.573s] [34mcolcon.colcon_core.shell[0m [1;30mINFO[0m Creating environment hook '/home/astra/iroc_final_ws/survey_and_nav/build/survey_and_nav/share/survey_and_nav/hook/pythonpath_develop.sh'
[5.321s] [34mcolcon.colcon_core.environment[0m [1;30mLevel 1[0m checking '/home/astra/iroc_final_ws/survey_and_nav/install/survey_and_nav' for CMake module files
[5.679s] [34mcolcon.colcon_core.environment[0m [1;30mLevel 1[0m checking '/home/astra/iroc_final_ws/survey_and_nav/install/survey_and_nav' for CMake config files
[5.682s] [34mcolcon.colcon_core.environment[0m [1;30mLevel 1[0m checking '/home/astra/iroc_final_ws/survey_and_nav/install/survey_and_nav/lib'
[5.683s] [34mcolcon.colcon_core.environment[0m [1;30mLevel 1[0m checking '/home/astra/iroc_final_ws/survey_and_nav/install/survey_and_nav/bin'
[5.683s] [34mcolcon.colcon_core.environment[0m [1;30mLevel 1[0m checking '/home/astra/iroc_final_ws/survey_and_nav/install/survey_and_nav/lib/pkgconfig/survey_and_nav.pc'
[5.684s] [34mcolcon.colcon_core.environment[0m [1;30mLevel 1[0m checking '/home/astra/iroc_final_ws/survey_and_nav/install/survey_and_nav/lib/python3.10/site-packages'
[5.685s] [34mcolcon.colcon_core.shell[0m [1;30mLevel 1[0m create_environment_hook('survey_and_nav', 'pythonpath')
[5.686s] [34mcolcon.colcon_core.shell[0m [1;30mINFO[0m Creating environment hook '/home/astra/iroc_final_ws/survey_and_nav/install/survey_and_nav/share/survey_and_nav/hook/pythonpath.ps1'
[5.688s] [34mcolcon.colcon_core.shell[0m [1;30mINFO[0m Creating environment descriptor '/home/astra/iroc_final_ws/survey_and_nav/install/survey_and_nav/share/survey_and_nav/hook/pythonpath.dsv'
[5.689s] [34mcolcon.colcon_core.shell[0m [1;30mINFO[0m Creating environment hook '/home/astra/iroc_final_ws/survey_and_nav/install/survey_and_nav/share/survey_and_nav/hook/pythonpath.sh'
[5.691s] [34mcolcon.colcon_core.environment[0m [1;30mLevel 1[0m checking '/home/astra/iroc_final_ws/survey_and_nav/install/survey_and_nav/bin'
[5.691s] [34mcolcon.colcon_core.environment[0m [1;30mLevel 1[0m create_environment_scripts_only(survey_and_nav)
[5.693s] [34mcolcon.colcon_core.shell[0m [1;30mINFO[0m Creating package script '/home/astra/iroc_final_ws/survey_and_nav/install/survey_and_nav/share/survey_and_nav/package.ps1'
[5.710s] [34mcolcon.colcon_core.shell[0m [1;30mINFO[0m Creating package descriptor '/home/astra/iroc_final_ws/survey_and_nav/install/survey_and_nav/share/survey_and_nav/package.dsv'
[5.777s] [34mcolcon.colcon_core.shell[0m [1;30mINFO[0m Creating package script '/home/astra/iroc_final_ws/survey_and_nav/install/survey_and_nav/share/survey_and_nav/package.sh'
[5.842s] [34mcolcon.colcon_core.shell[0m [1;30mINFO[0m Creating package script '/home/astra/iroc_final_ws/survey_and_nav/install/survey_and_nav/share/survey_and_nav/package.bash'
[5.934s] [34mcolcon.colcon_core.shell[0m [1;30mINFO[0m Creating package script '/home/astra/iroc_final_ws/survey_and_nav/install/survey_and_nav/share/survey_and_nav/package.zsh'
[5.985s] [34mcolcon.colcon_core.environment[0m [1;30mLevel 1[0m create_file_with_runtime_dependencies(/home/astra/iroc_final_ws/survey_and_nav/install/survey_and_nav/share/colcon-core/packages/survey_and_nav)
[5.986s] [34mcolcon.colcon_parallel_executor.executor.parallel[0m [1;30mDEBUG[0m [32mclosing loop[0m
[5.988s] [34mcolcon.colcon_parallel_executor.executor.parallel[0m [1;30mDEBUG[0m [32mloop closed[0m
[5.988s] [34mcolcon.colcon_parallel_executor.executor.parallel[0m [1;30mDEBUG[0m [32mrun_until_complete finished with '0'[0m
[5.988s] [34mcolcon.colcon_core.event_reactor[0m [1;30mDEBUG[0m [32mjoining thread[0m
[10.087s] [34mcolcon.colcon_core.plugin_system[0m [1;30mINFO[0m Skipping extension 'colcon_notification.desktop_notification.terminal_notifier': Not used on non-Darwin systems
[10.088s] [34mcolcon.colcon_core.plugin_system[0m [1;30mINFO[0m Skipping extension 'colcon_notification.desktop_notification.win32': Not used on non-Windows systems
[10.088s] [34mcolcon.colcon_notification.desktop_notification[0m [1;30mINFO[0m Sending desktop notification using 'notify2'
[10.451s] [34mcolcon.colcon_core.event_reactor[0m [1;30mDEBUG[0m [32mjoined thread[0m
[10.888s] [34mcolcon.colcon_core.shell[0m [1;30mINFO[0m Creating prefix script '/home/astra/iroc_final_ws/survey_and_nav/install/local_setup.ps1'
[10.893s] [34mcolcon.colcon_core.shell[0m [1;30mINFO[0m Creating prefix util module '/home/astra/iroc_final_ws/survey_and_nav/install/_local_setup_util_ps1.py'
[10.900s] [34mcolcon.colcon_core.shell[0m [1;30mINFO[0m Creating prefix chain script '/home/astra/iroc_final_ws/survey_and_nav/install/setup.ps1'
[10.905s] [34mcolcon.colcon_core.shell[0m [1;30mINFO[0m Creating prefix script '/home/astra/iroc_final_ws/survey_and_nav/install/local_setup.sh'
[10.907s] [34mcolcon.colcon_core.shell[0m [1;30mINFO[0m Creating prefix util module '/home/astra/iroc_final_ws/survey_and_nav/install/_local_setup_util_sh.py'
[10.908s] [34mcolcon.colcon_core.shell[0m [1;30mINFO[0m Creating prefix chain script '/home/astra/iroc_final_ws/survey_and_nav/install/setup.sh'
[10.912s] [34mcolcon.colcon_core.shell[0m [1;30mINFO[0m Creating prefix script '/home/astra/iroc_final_ws/survey_and_nav/install/local_setup.bash'
[10.914s] [34mcolcon.colcon_core.shell[0m [1;30mINFO[0m Creating prefix chain script '/home/astra/iroc_final_ws/survey_and_nav/install/setup.bash'
[10.919s] [34mcolcon.colcon_core.shell[0m [1;30mINFO[0m Creating prefix script '/home/astra/iroc_final_ws/survey_and_nav/install/local_setup.zsh'
[10.921s] [34mcolcon.colcon_core.shell[0m [1;30mINFO[0m Creating prefix chain script '/home/astra/iroc_final_ws/survey_and_nav/install/setup.zsh'
