[0.783s] colcon DEBUG Command line arguments: ['/usr/bin/colcon', 'list', '-p', '--base-paths', '/home/astra/IRoC_ws/odom_repub']
[0.783s] colcon DEBUG Parsed command line arguments: Namespace(log_base=None, log_level=None, verb_name='list', build_base='build', ignore_user_meta=False, metas=['./colcon.meta'], base_paths=['/home/astra/IRoC_ws/odom_repub'], packages_ignore=None, packages_ignore_regex=None, paths=None, packages_up_to=None, packages_up_to_regex=None, packages_above=None, packages_above_and_dependencies=None, packages_above_depth=None, packages_select_by_dep=None, packages_skip_by_dep=None, packages_skip_up_to=None, packages_select_build_failed=False, packages_skip_build_finished=False, packages_select_test_failures=False, packages_skip_test_passed=False, packages_select=None, packages_skip=None, packages_select_regex=None, packages_skip_regex=None, packages_start=None, packages_end=None, allow_overriding=[], topological_order=False, names_only=False, paths_only=True, topological_graph=False, topological_graph_dot=False, topological_graph_density=False, topological_graph_legend=False, topological_graph_dot_cluster=False, topological_graph_dot_include_skipped=False, verb_parser=<colcon_defaults.argument_parser.defaults.DefaultArgumentsDecorator object at 0xffff8fe7fd30>, verb_extension=<colcon_package_information.verb.list.ListVerb object at 0xffff8fe7ed10>, main=<bound method ListVerb.main of <colcon_package_information.verb.list.ListVerb object at 0xffff8fe7ed10>>)
[1.492s] colcon.colcon_core.package_discovery Level 1 discover_packages(colcon_meta) check parameters
[1.493s] colcon.colcon_core.package_discovery Level 1 discover_packages(recursive) check parameters
[1.493s] colcon.colcon_core.package_discovery Level 1 discover_packages(ignore) check parameters
[1.493s] colcon.colcon_core.package_discovery Level 1 discover_packages(path) check parameters
[1.493s] colcon.colcon_core.package_discovery Level 1 discover_packages(recursive) discover
[1.493s] colcon.colcon_core.package_discovery INFO Crawling recursively for packages in '/home/astra/IRoC_ws/odom_repub'
[1.494s] colcon.colcon_core.package_identification Level 1 _identify(/home/astra/IRoC_ws/odom_repub) by extensions ['ignore', 'ignore_ament_install']
[1.494s] colcon.colcon_core.package_identification Level 1 _identify(/home/astra/IRoC_ws/odom_repub) by extension 'ignore'
[1.494s] colcon.colcon_core.package_identification Level 1 _identify(/home/astra/IRoC_ws/odom_repub) by extension 'ignore_ament_install'
[1.495s] colcon.colcon_core.package_identification Level 1 _identify(/home/astra/IRoC_ws/odom_repub) by extensions ['colcon_pkg']
[1.495s] colcon.colcon_core.package_identification Level 1 _identify(/home/astra/IRoC_ws/odom_repub) by extension 'colcon_pkg'
[1.495s] colcon.colcon_core.package_identification Level 1 _identify(/home/astra/IRoC_ws/odom_repub) by extensions ['colcon_meta']
[1.495s] colcon.colcon_core.package_identification Level 1 _identify(/home/astra/IRoC_ws/odom_repub) by extension 'colcon_meta'
[1.495s] colcon.colcon_core.package_identification Level 1 _identify(/home/astra/IRoC_ws/odom_repub) by extensions ['ros']
[1.495s] colcon.colcon_core.package_identification Level 1 _identify(/home/astra/IRoC_ws/odom_repub) by extension 'ros'
[1.527s] colcon.colcon_core.package_identification Level 1 _identify(/home/astra/IRoC_ws/odom_repub) by extensions ['cmake', 'python']
[1.528s] colcon.colcon_core.package_identification Level 1 _identify(/home/astra/IRoC_ws/odom_repub) by extension 'cmake'
[1.528s] colcon.colcon_core.package_identification Level 1 _identify(/home/astra/IRoC_ws/odom_repub) by extension 'python'
[1.528s] colcon.colcon_core.package_identification Level 1 _identify(/home/astra/IRoC_ws/odom_repub) by extensions ['python_setup_py']
[1.528s] colcon.colcon_core.package_identification Level 1 _identify(/home/astra/IRoC_ws/odom_repub) by extension 'python_setup_py'
[1.530s] colcon.colcon_core.package_identification Level 1 _identify(/home/astra/IRoC_ws/odom_repub/build) by extensions ['ignore', 'ignore_ament_install']
[1.531s] colcon.colcon_core.package_identification Level 1 _identify(/home/astra/IRoC_ws/odom_repub/build) by extension 'ignore'
[1.531s] colcon.colcon_core.package_identification Level 1 _identify(/home/astra/IRoC_ws/odom_repub/build) ignored
[1.532s] colcon.colcon_core.package_identification Level 1 _identify(/home/astra/IRoC_ws/odom_repub/install) by extensions ['ignore', 'ignore_ament_install']
[1.532s] colcon.colcon_core.package_identification Level 1 _identify(/home/astra/IRoC_ws/odom_repub/install) by extension 'ignore'
[1.532s] colcon.colcon_core.package_identification Level 1 _identify(/home/astra/IRoC_ws/odom_repub/install) ignored
[1.532s] colcon.colcon_core.package_identification Level 1 _identify(/home/astra/IRoC_ws/odom_repub/log) by extensions ['ignore', 'ignore_ament_install']
[1.533s] colcon.colcon_core.package_identification Level 1 _identify(/home/astra/IRoC_ws/odom_repub/log) by extension 'ignore'
[1.533s] colcon.colcon_core.package_identification Level 1 _identify(/home/astra/IRoC_ws/odom_repub/log) ignored
[1.533s] colcon.colcon_core.package_identification Level 1 _identify(/home/astra/IRoC_ws/odom_repub/src) by extensions ['ignore', 'ignore_ament_install']
[1.533s] colcon.colcon_core.package_identification Level 1 _identify(/home/astra/IRoC_ws/odom_repub/src) by extension 'ignore'
[1.533s] colcon.colcon_core.package_identification Level 1 _identify(/home/astra/IRoC_ws/odom_repub/src) by extension 'ignore_ament_install'
[1.533s] colcon.colcon_core.package_identification Level 1 _identify(/home/astra/IRoC_ws/odom_repub/src) by extensions ['colcon_pkg']
[1.533s] colcon.colcon_core.package_identification Level 1 _identify(/home/astra/IRoC_ws/odom_repub/src) by extension 'colcon_pkg'
[1.534s] colcon.colcon_core.package_identification Level 1 _identify(/home/astra/IRoC_ws/odom_repub/src) by extensions ['colcon_meta']
[1.534s] colcon.colcon_core.package_identification Level 1 _identify(/home/astra/IRoC_ws/odom_repub/src) by extension 'colcon_meta'
[1.534s] colcon.colcon_core.package_identification Level 1 _identify(/home/astra/IRoC_ws/odom_repub/src) by extensions ['ros']
[1.534s] colcon.colcon_core.package_identification Level 1 _identify(/home/astra/IRoC_ws/odom_repub/src) by extension 'ros'
[1.536s] colcon.colcon_core.package_identification Level 1 _identify(/home/astra/IRoC_ws/odom_repub/src) by extensions ['cmake', 'python']
[1.536s] colcon.colcon_core.package_identification Level 1 _identify(/home/astra/IRoC_ws/odom_repub/src) by extension 'cmake'
[1.536s] colcon.colcon_core.package_identification Level 1 _identify(/home/astra/IRoC_ws/odom_repub/src) by extension 'python'
[1.536s] colcon.colcon_core.package_identification Level 1 _identify(/home/astra/IRoC_ws/odom_repub/src) by extensions ['python_setup_py']
[1.536s] colcon.colcon_core.package_identification Level 1 _identify(/home/astra/IRoC_ws/odom_repub/src) by extension 'python_setup_py'
[1.537s] colcon.colcon_core.package_identification Level 1 _identify(/home/astra/IRoC_ws/odom_repub/src/odom_republisher) by extensions ['ignore', 'ignore_ament_install']
[1.537s] colcon.colcon_core.package_identification Level 1 _identify(/home/astra/IRoC_ws/odom_repub/src/odom_republisher) by extension 'ignore'
[1.537s] colcon.colcon_core.package_identification Level 1 _identify(/home/astra/IRoC_ws/odom_repub/src/odom_republisher) by extension 'ignore_ament_install'
[1.537s] colcon.colcon_core.package_identification Level 1 _identify(/home/astra/IRoC_ws/odom_repub/src/odom_republisher) by extensions ['colcon_pkg']
[1.537s] colcon.colcon_core.package_identification Level 1 _identify(/home/astra/IRoC_ws/odom_repub/src/odom_republisher) by extension 'colcon_pkg'
[1.538s] colcon.colcon_core.package_identification Level 1 _identify(/home/astra/IRoC_ws/odom_repub/src/odom_republisher) by extensions ['colcon_meta']
[1.538s] colcon.colcon_core.package_identification Level 1 _identify(/home/astra/IRoC_ws/odom_repub/src/odom_republisher) by extension 'colcon_meta'
[1.538s] colcon.colcon_core.package_identification Level 1 _identify(/home/astra/IRoC_ws/odom_repub/src/odom_republisher) by extensions ['ros']
[1.538s] colcon.colcon_core.package_identification Level 1 _identify(/home/astra/IRoC_ws/odom_repub/src/odom_republisher) by extension 'ros'
[1.547s] colcon.colcon_core.package_identification DEBUG Package '/home/astra/IRoC_ws/odom_repub/src/odom_republisher' with type 'ros.ament_python' and name 'odom_republisher'
[1.547s] colcon.colcon_core.package_discovery Level 1 discover_packages(recursive) using defaults
