[10.425s] [34mcolcon[0m [1;30mDEBUG[0m [32mCommand line arguments: ['/usr/bin/colcon', 'build', '--symlink-install'][0m
[10.425s] [34mcolcon[0m [1;30mDEBUG[0m [32mParsed command line arguments: Namespace(log_base=None, log_level=None, verb_name='build', build_base='build', install_base='install', merge_install=False, symlink_install=True, test_result_base=None, continue_on_error=False, executor='parallel', parallel_workers=6, event_handlers=None, ignore_user_meta=False, metas=['./colcon.meta'], base_paths=['.'], packages_ignore=None, packages_ignore_regex=None, paths=None, packages_up_to=None, packages_up_to_regex=None, packages_above=None, packages_above_and_dependencies=None, packages_above_depth=None, packages_select_by_dep=None, packages_skip_by_dep=None, packages_skip_up_to=None, packages_select_build_failed=False, packages_skip_build_finished=False, packages_select_test_failures=False, packages_skip_test_passed=False, packages_select=None, packages_skip=None, packages_select_regex=None, packages_skip_regex=None, packages_start=None, packages_end=None, allow_overriding=[], cmake_args=None, cmake_target=None, cmake_target_skip_unavailable=False, cmake_clean_cache=False, cmake_clean_first=False, cmake_force_configure=False, ament_cmake_args=None, catkin_cmake_args=None, catkin_skip_building_tests=False, verb_parser=<colcon_defaults.argument_parser.defaults.DefaultArgumentsDecorator object at 0xffff8cf92f20>, verb_extension=<colcon_core.verb.build.BuildVerb object at 0xffff8cf928f0>, main=<bound method BuildVerb.main of <colcon_core.verb.build.BuildVerb object at 0xffff8cf928f0>>)[0m
[11.998s] [34mcolcon.colcon_core.package_discovery[0m [1;30mLevel 1[0m discover_packages(colcon_meta) check parameters
[11.998s] [34mcolcon.colcon_core.package_discovery[0m [1;30mLevel 1[0m discover_packages(recursive) check parameters
[11.998s] [34mcolcon.colcon_core.package_discovery[0m [1;30mLevel 1[0m discover_packages(ignore) check parameters
[11.999s] [34mcolcon.colcon_core.package_discovery[0m [1;30mLevel 1[0m discover_packages(path) check parameters
[11.999s] [34mcolcon.colcon_core.package_discovery[0m [1;30mLevel 1[0m discover_packages(colcon_meta) discover
[11.999s] [34mcolcon.colcon_core.package_discovery[0m [1;30mLevel 1[0m discover_packages(recursive) discover
[11.999s] [34mcolcon.colcon_core.package_discovery[0m [1;30mINFO[0m Crawling recursively for packages in '/home/astra/iroc_final_ws/odom_repub'
[11.999s] [34mcolcon.colcon_core.package_identification[0m [1;30mLevel 1[0m _identify(.) by extensions ['ignore', 'ignore_ament_install']
[12.000s] [34mcolcon.colcon_core.package_identification[0m [1;30mLevel 1[0m _identify(.) by extension 'ignore'
[12.000s] [34mcolcon.colcon_core.package_identification[0m [1;30mLevel 1[0m _identify(.) by extension 'ignore_ament_install'
[12.000s] [34mcolcon.colcon_core.package_identification[0m [1;30mLevel 1[0m _identify(.) by extensions ['colcon_pkg']
[12.000s] [34mcolcon.colcon_core.package_identification[0m [1;30mLevel 1[0m _identify(.) by extension 'colcon_pkg'
[12.000s] [34mcolcon.colcon_core.package_identification[0m [1;30mLevel 1[0m _identify(.) by extensions ['colcon_meta']
[12.000s] [34mcolcon.colcon_core.package_identification[0m [1;30mLevel 1[0m _identify(.) by extension 'colcon_meta'
[12.000s] [34mcolcon.colcon_core.package_identification[0m [1;30mLevel 1[0m _identify(.) by extensions ['ros']
[12.000s] [34mcolcon.colcon_core.package_identification[0m [1;30mLevel 1[0m _identify(.) by extension 'ros'
[12.059s] [34mcolcon.colcon_core.package_identification[0m [1;30mLevel 1[0m _identify(.) by extensions ['cmake', 'python']
[12.059s] [34mcolcon.colcon_core.package_identification[0m [1;30mLevel 1[0m _identify(.) by extension 'cmake'
[12.060s] [34mcolcon.colcon_core.package_identification[0m [1;30mLevel 1[0m _identify(.) by extension 'python'
[12.060s] [34mcolcon.colcon_core.package_identification[0m [1;30mLevel 1[0m _identify(.) by extensions ['python_setup_py']
[12.060s] [34mcolcon.colcon_core.package_identification[0m [1;30mLevel 1[0m _identify(.) by extension 'python_setup_py'
[12.061s] [34mcolcon.colcon_core.package_identification[0m [1;30mLevel 1[0m _identify(build) by extensions ['ignore', 'ignore_ament_install']
[12.061s] [34mcolcon.colcon_core.package_identification[0m [1;30mLevel 1[0m _identify(build) by extension 'ignore'
[12.061s] [34mcolcon.colcon_core.package_identification[0m [1;30mLevel 1[0m _identify(build) ignored
[12.062s] [34mcolcon.colcon_core.package_identification[0m [1;30mLevel 1[0m _identify(install) by extensions ['ignore', 'ignore_ament_install']
[12.062s] [34mcolcon.colcon_core.package_identification[0m [1;30mLevel 1[0m _identify(install) by extension 'ignore'
[12.062s] [34mcolcon.colcon_core.package_identification[0m [1;30mLevel 1[0m _identify(install) ignored
[12.062s] [34mcolcon.colcon_core.package_identification[0m [1;30mLevel 1[0m _identify(log) by extensions ['ignore', 'ignore_ament_install']
[12.062s] [34mcolcon.colcon_core.package_identification[0m [1;30mLevel 1[0m _identify(log) by extension 'ignore'
[12.062s] [34mcolcon.colcon_core.package_identification[0m [1;30mLevel 1[0m _identify(log) ignored
[12.064s] [34mcolcon.colcon_core.package_identification[0m [1;30mLevel 1[0m _identify(src) by extensions ['ignore', 'ignore_ament_install']
[12.064s] [34mcolcon.colcon_core.package_identification[0m [1;30mLevel 1[0m _identify(src) by extension 'ignore'
[12.064s] [34mcolcon.colcon_core.package_identification[0m [1;30mLevel 1[0m _identify(src) by extension 'ignore_ament_install'
[12.064s] [34mcolcon.colcon_core.package_identification[0m [1;30mLevel 1[0m _identify(src) by extensions ['colcon_pkg']
[12.064s] [34mcolcon.colcon_core.package_identification[0m [1;30mLevel 1[0m _identify(src) by extension 'colcon_pkg'
[12.064s] [34mcolcon.colcon_core.package_identification[0m [1;30mLevel 1[0m _identify(src) by extensions ['colcon_meta']
[12.064s] [34mcolcon.colcon_core.package_identification[0m [1;30mLevel 1[0m _identify(src) by extension 'colcon_meta'
[12.064s] [34mcolcon.colcon_core.package_identification[0m [1;30mLevel 1[0m _identify(src) by extensions ['ros']
[12.065s] [34mcolcon.colcon_core.package_identification[0m [1;30mLevel 1[0m _identify(src) by extension 'ros'
[12.065s] [34mcolcon.colcon_core.package_identification[0m [1;30mLevel 1[0m _identify(src) by extensions ['cmake', 'python']
[12.065s] [34mcolcon.colcon_core.package_identification[0m [1;30mLevel 1[0m _identify(src) by extension 'cmake'
[12.065s] [34mcolcon.colcon_core.package_identification[0m [1;30mLevel 1[0m _identify(src) by extension 'python'
[12.066s] [34mcolcon.colcon_core.package_identification[0m [1;30mLevel 1[0m _identify(src) by extensions ['python_setup_py']
[12.066s] [34mcolcon.colcon_core.package_identification[0m [1;30mLevel 1[0m _identify(src) by extension 'python_setup_py'
[12.066s] [34mcolcon.colcon_core.package_identification[0m [1;30mLevel 1[0m _identify(src/odom_republisher) by extensions ['ignore', 'ignore_ament_install']
[12.066s] [34mcolcon.colcon_core.package_identification[0m [1;30mLevel 1[0m _identify(src/odom_republisher) by extension 'ignore'
[12.066s] [34mcolcon.colcon_core.package_identification[0m [1;30mLevel 1[0m _identify(src/odom_republisher) by extension 'ignore_ament_install'
[12.066s] [34mcolcon.colcon_core.package_identification[0m [1;30mLevel 1[0m _identify(src/odom_republisher) by extensions ['colcon_pkg']
[12.066s] [34mcolcon.colcon_core.package_identification[0m [1;30mLevel 1[0m _identify(src/odom_republisher) by extension 'colcon_pkg'
[12.067s] [34mcolcon.colcon_core.package_identification[0m [1;30mLevel 1[0m _identify(src/odom_republisher) by extensions ['colcon_meta']
[12.067s] [34mcolcon.colcon_core.package_identification[0m [1;30mLevel 1[0m _identify(src/odom_republisher) by extension 'colcon_meta'
[12.067s] [34mcolcon.colcon_core.package_identification[0m [1;30mLevel 1[0m _identify(src/odom_republisher) by extensions ['ros']
[12.067s] [34mcolcon.colcon_core.package_identification[0m [1;30mLevel 1[0m _identify(src/odom_republisher) by extension 'ros'
[12.078s] [34mcolcon.colcon_core.package_identification[0m [1;30mDEBUG[0m [32mPackage 'src/odom_republisher' with type 'ros.ament_python' and name 'odom_republisher'[0m
[12.078s] [34mcolcon.colcon_core.package_discovery[0m [1;30mLevel 1[0m discover_packages(recursive) using defaults
[12.079s] [34mcolcon.colcon_core.package_discovery[0m [1;30mLevel 1[0m discover_packages(ignore) discover
[12.079s] [34mcolcon.colcon_core.package_discovery[0m [1;30mLevel 1[0m discover_packages(ignore) using defaults
[12.079s] [34mcolcon.colcon_core.package_discovery[0m [1;30mLevel 1[0m discover_packages(path) discover
[12.079s] [34mcolcon.colcon_core.package_discovery[0m [1;30mLevel 1[0m discover_packages(path) using defaults
[12.150s] [34mcolcon.colcon_core.package_discovery[0m [1;30mLevel 1[0m discover_packages(prefix_path) check parameters
[12.151s] [34mcolcon.colcon_core.package_discovery[0m [1;30mLevel 1[0m discover_packages(prefix_path) discover
[12.206s] [34mcolcon.colcon_installed_package_information.package_discovery[0m [1;30mDEBUG[0m [32mFound 2 installed packages in /home/astra/iroc_final_ws/odom_repub/install[0m
[12.209s] [34mcolcon.colcon_installed_package_information.package_discovery[0m [1;30mDEBUG[0m [32mFound 1 installed packages in /home/astra/iroc_final_ws/vision_to_mav/install[0m
[12.227s] [34mcolcon.colcon_installed_package_information.package_discovery[0m [1;30mDEBUG[0m [32mFound 4 installed packages in /home/astra/astra_ws/install[0m
[12.286s] [34mcolcon.colcon_installed_package_information.package_discovery[0m [1;30mDEBUG[0m [32mFound 15 installed packages in /home/astra/ros2_ws/install[0m
[12.294s] [34mcolcon.colcon_installed_package_information.package_discovery[0m [1;30mDEBUG[0m [32mFound 304 installed packages in /opt/ros/humble[0m
[12.298s] [34mcolcon.colcon_core.package_discovery[0m [1;30mLevel 1[0m discover_packages(prefix_path) using defaults
[12.772s] [34mcolcon.colcon_core.verb[0m [1;30mLevel 5[0m set package 'odom_republisher' build argument 'cmake_args' from command line to 'None'
[12.772s] [34mcolcon.colcon_core.verb[0m [1;30mLevel 5[0m set package 'odom_republisher' build argument 'cmake_target' from command line to 'None'
[12.772s] [34mcolcon.colcon_core.verb[0m [1;30mLevel 5[0m set package 'odom_republisher' build argument 'cmake_target_skip_unavailable' from command line to 'False'
[12.772s] [34mcolcon.colcon_core.verb[0m [1;30mLevel 5[0m set package 'odom_republisher' build argument 'cmake_clean_cache' from command line to 'False'
[12.773s] [34mcolcon.colcon_core.verb[0m [1;30mLevel 5[0m set package 'odom_republisher' build argument 'cmake_clean_first' from command line to 'False'
[12.773s] [34mcolcon.colcon_core.verb[0m [1;30mLevel 5[0m set package 'odom_republisher' build argument 'cmake_force_configure' from command line to 'False'
[12.773s] [34mcolcon.colcon_core.verb[0m [1;30mLevel 5[0m set package 'odom_republisher' build argument 'ament_cmake_args' from command line to 'None'
[12.773s] [34mcolcon.colcon_core.verb[0m [1;30mLevel 5[0m set package 'odom_republisher' build argument 'catkin_cmake_args' from command line to 'None'
[12.773s] [34mcolcon.colcon_core.verb[0m [1;30mLevel 5[0m set package 'odom_republisher' build argument 'catkin_skip_building_tests' from command line to 'False'
[12.773s] [34mcolcon.colcon_core.verb[0m [1;30mDEBUG[0m [32mBuilding package 'odom_republisher' with the following arguments: {'ament_cmake_args': None, 'build_base': '/home/astra/iroc_final_ws/odom_repub/build/odom_republisher', 'catkin_cmake_args': None, 'catkin_skip_building_tests': False, 'cmake_args': None, 'cmake_clean_cache': False, 'cmake_clean_first': False, 'cmake_force_configure': False, 'cmake_target': None, 'cmake_target_skip_unavailable': False, 'install_base': '/home/astra/iroc_final_ws/odom_repub/install/odom_republisher', 'merge_install': False, 'path': '/home/astra/iroc_final_ws/odom_repub/src/odom_republisher', 'symlink_install': True, 'test_result_base': None}[0m
[12.774s] [34mcolcon.colcon_core.executor[0m [1;30mINFO[0m Executing jobs using 'parallel' executor
[12.777s] [34mcolcon.colcon_parallel_executor.executor.parallel[0m [1;30mDEBUG[0m [32mrun_until_complete[0m
[12.778s] [34mcolcon.colcon_ros.task.ament_python.build[0m [1;30mINFO[0m Building ROS package in '/home/astra/iroc_final_ws/odom_repub/src/odom_republisher' with build type 'ament_python'
[12.778s] [34mcolcon.colcon_core.shell[0m [1;30mLevel 1[0m create_environment_hook('odom_republisher', 'ament_prefix_path')
[12.793s] [34mcolcon.colcon_core.plugin_system[0m [1;30mINFO[0m Skipping extension 'colcon_core.shell.bat': Not used on non-Windows systems
[12.793s] [34mcolcon.colcon_core.shell[0m [1;30mINFO[0m Creating environment hook '/home/astra/iroc_final_ws/odom_repub/install/odom_republisher/share/odom_republisher/hook/ament_prefix_path.ps1'
[12.798s] [34mcolcon.colcon_core.shell[0m [1;30mINFO[0m Creating environment descriptor '/home/astra/iroc_final_ws/odom_repub/install/odom_republisher/share/odom_republisher/hook/ament_prefix_path.dsv'
[12.800s] [34mcolcon.colcon_core.shell[0m [1;30mINFO[0m Creating environment hook '/home/astra/iroc_final_ws/odom_repub/install/odom_republisher/share/odom_republisher/hook/ament_prefix_path.sh'
[12.804s] [34mcolcon.colcon_core.shell[0m [1;30mINFO[0m Skip shell extension 'powershell' for command environment: Not usable outside of PowerShell
[12.804s] [34mcolcon.colcon_core.shell[0m [1;30mDEBUG[0m [32mSkip shell extension 'dsv' for command environment[0m
[13.829s] [34mcolcon.colcon_core.task.python.build[0m [1;30mINFO[0m Building Python package in '/home/astra/iroc_final_ws/odom_repub/src/odom_republisher'
[13.831s] [34mcolcon.colcon_core.shell[0m [1;30mINFO[0m Skip shell extension 'powershell' for command environment: Not usable outside of PowerShell
[13.831s] [34mcolcon.colcon_core.shell[0m [1;30mDEBUG[0m [32mSkip shell extension 'dsv' for command environment[0m
[15.727s] [34mcolcon.colcon_core.event_handler.log_command[0m [1;30mDEBUG[0m [32mInvoking command in '/home/astra/iroc_final_ws/odom_repub/build/odom_republisher': PYTHONPATH=/home/astra/iroc_final_ws/odom_repub/build/odom_republisher/prefix_override:/usr/lib/python3/dist-packages/colcon_core/task/python/colcon_distutils_commands:/home/astra/iroc_final_ws/odom_repub/install/odom_republisher/lib/python3.10/site-packages:${PYTHONPATH} /usr/bin/python3 -W ignore:setup.py install is deprecated -W ignore:easy_install command is deprecated setup.py develop --editable --build-directory /home/astra/iroc_final_ws/odom_repub/build/odom_republisher/build --no-deps symlink_data[0m
[17.398s] [34mcolcon.colcon_core.shell[0m [1;30mLevel 1[0m create_environment_hook('odom_republisher', 'pythonpath_develop')
[17.400s] [34mcolcon.colcon_core.shell[0m [1;30mINFO[0m Creating environment hook '/home/astra/iroc_final_ws/odom_repub/build/odom_republisher/share/odom_republisher/hook/pythonpath_develop.ps1'
[17.401s] [34mcolcon.colcon_core.event_handler.log_command[0m [1;30mDEBUG[0m [32mInvoked command in '/home/astra/iroc_final_ws/odom_repub/build/odom_republisher' returned '0': PYTHONPATH=/home/astra/iroc_final_ws/odom_repub/build/odom_republisher/prefix_override:/usr/lib/python3/dist-packages/colcon_core/task/python/colcon_distutils_commands:/home/astra/iroc_final_ws/odom_repub/install/odom_republisher/lib/python3.10/site-packages:${PYTHONPATH} /usr/bin/python3 -W ignore:setup.py install is deprecated -W ignore:easy_install command is deprecated setup.py develop --editable --build-directory /home/astra/iroc_final_ws/odom_repub/build/odom_republisher/build --no-deps symlink_data[0m
[17.404s] [34mcolcon.colcon_core.shell[0m [1;30mINFO[0m Creating environment descriptor '/home/astra/iroc_final_ws/odom_repub/build/odom_republisher/share/odom_republisher/hook/pythonpath_develop.dsv'
[17.407s] [34mcolcon.colcon_core.shell[0m [1;30mINFO[0m Creating environment hook '/home/astra/iroc_final_ws/odom_repub/build/odom_republisher/share/odom_republisher/hook/pythonpath_develop.sh'
[17.429s] [34mcolcon.colcon_core.environment[0m [1;30mLevel 1[0m checking '/home/astra/iroc_final_ws/odom_repub/install/odom_republisher' for CMake module files
[17.431s] [34mcolcon.colcon_core.environment[0m [1;30mLevel 1[0m checking '/home/astra/iroc_final_ws/odom_repub/install/odom_republisher' for CMake config files
[17.434s] [34mcolcon.colcon_core.environment[0m [1;30mLevel 1[0m checking '/home/astra/iroc_final_ws/odom_repub/install/odom_republisher/lib'
[17.435s] [34mcolcon.colcon_core.environment[0m [1;30mLevel 1[0m checking '/home/astra/iroc_final_ws/odom_repub/install/odom_republisher/bin'
[17.435s] [34mcolcon.colcon_core.environment[0m [1;30mLevel 1[0m checking '/home/astra/iroc_final_ws/odom_repub/install/odom_republisher/lib/pkgconfig/odom_republisher.pc'
[17.436s] [34mcolcon.colcon_core.environment[0m [1;30mLevel 1[0m checking '/home/astra/iroc_final_ws/odom_repub/install/odom_republisher/lib/python3.10/site-packages'
[17.436s] [34mcolcon.colcon_core.shell[0m [1;30mLevel 1[0m create_environment_hook('odom_republisher', 'pythonpath')
[17.438s] [34mcolcon.colcon_core.shell[0m [1;30mINFO[0m Creating environment hook '/home/astra/iroc_final_ws/odom_repub/install/odom_republisher/share/odom_republisher/hook/pythonpath.ps1'
[17.440s] [34mcolcon.colcon_core.shell[0m [1;30mINFO[0m Creating environment descriptor '/home/astra/iroc_final_ws/odom_repub/install/odom_republisher/share/odom_republisher/hook/pythonpath.dsv'
[17.441s] [34mcolcon.colcon_core.shell[0m [1;30mINFO[0m Creating environment hook '/home/astra/iroc_final_ws/odom_repub/install/odom_republisher/share/odom_republisher/hook/pythonpath.sh'
[17.443s] [34mcolcon.colcon_core.environment[0m [1;30mLevel 1[0m checking '/home/astra/iroc_final_ws/odom_repub/install/odom_republisher/bin'
[17.443s] [34mcolcon.colcon_core.environment[0m [1;30mLevel 1[0m create_environment_scripts_only(odom_republisher)
[17.444s] [34mcolcon.colcon_core.shell[0m [1;30mINFO[0m Creating package script '/home/astra/iroc_final_ws/odom_repub/install/odom_republisher/share/odom_republisher/package.ps1'
[17.448s] [34mcolcon.colcon_core.shell[0m [1;30mINFO[0m Creating package descriptor '/home/astra/iroc_final_ws/odom_repub/install/odom_republisher/share/odom_republisher/package.dsv'
[17.451s] [34mcolcon.colcon_core.shell[0m [1;30mINFO[0m Creating package script '/home/astra/iroc_final_ws/odom_repub/install/odom_republisher/share/odom_republisher/package.sh'
[17.455s] [34mcolcon.colcon_core.shell[0m [1;30mINFO[0m Creating package script '/home/astra/iroc_final_ws/odom_repub/install/odom_republisher/share/odom_republisher/package.bash'
[17.459s] [34mcolcon.colcon_core.shell[0m [1;30mINFO[0m Creating package script '/home/astra/iroc_final_ws/odom_repub/install/odom_republisher/share/odom_republisher/package.zsh'
[17.464s] [34mcolcon.colcon_core.environment[0m [1;30mLevel 1[0m create_file_with_runtime_dependencies(/home/astra/iroc_final_ws/odom_repub/install/odom_republisher/share/colcon-core/packages/odom_republisher)
[17.465s] [34mcolcon.colcon_parallel_executor.executor.parallel[0m [1;30mDEBUG[0m [32mclosing loop[0m
[17.466s] [34mcolcon.colcon_parallel_executor.executor.parallel[0m [1;30mDEBUG[0m [32mloop closed[0m
[17.467s] [34mcolcon.colcon_parallel_executor.executor.parallel[0m [1;30mDEBUG[0m [32mrun_until_complete finished with '0'[0m
[17.467s] [34mcolcon.colcon_core.event_reactor[0m [1;30mDEBUG[0m [32mjoining thread[0m
[17.517s] [34mcolcon.colcon_core.plugin_system[0m [1;30mINFO[0m Skipping extension 'colcon_notification.desktop_notification.terminal_notifier': Not used on non-Darwin systems
[17.518s] [34mcolcon.colcon_core.plugin_system[0m [1;30mINFO[0m Skipping extension 'colcon_notification.desktop_notification.win32': Not used on non-Windows systems
[17.518s] [34mcolcon.colcon_notification.desktop_notification[0m [1;30mINFO[0m Sending desktop notification using 'notify2'
[17.582s] [34mcolcon.colcon_core.event_reactor[0m [1;30mDEBUG[0m [32mjoined thread[0m
[17.584s] [34mcolcon.colcon_core.shell[0m [1;30mINFO[0m Creating prefix script '/home/astra/iroc_final_ws/odom_repub/install/local_setup.ps1'
[17.590s] [34mcolcon.colcon_core.shell[0m [1;30mINFO[0m Creating prefix util module '/home/astra/iroc_final_ws/odom_repub/install/_local_setup_util_ps1.py'
[17.597s] [34mcolcon.colcon_core.shell[0m [1;30mINFO[0m Creating prefix chain script '/home/astra/iroc_final_ws/odom_repub/install/setup.ps1'
[17.609s] [34mcolcon.colcon_core.shell[0m [1;30mINFO[0m Creating prefix script '/home/astra/iroc_final_ws/odom_repub/install/local_setup.sh'
[17.614s] [34mcolcon.colcon_core.shell[0m [1;30mINFO[0m Creating prefix util module '/home/astra/iroc_final_ws/odom_repub/install/_local_setup_util_sh.py'
[17.617s] [34mcolcon.colcon_core.shell[0m [1;30mINFO[0m Creating prefix chain script '/home/astra/iroc_final_ws/odom_repub/install/setup.sh'
[17.626s] [34mcolcon.colcon_core.shell[0m [1;30mINFO[0m Creating prefix script '/home/astra/iroc_final_ws/odom_repub/install/local_setup.bash'
[17.630s] [34mcolcon.colcon_core.shell[0m [1;30mINFO[0m Creating prefix chain script '/home/astra/iroc_final_ws/odom_repub/install/setup.bash'
[17.636s] [34mcolcon.colcon_core.shell[0m [1;30mINFO[0m Creating prefix script '/home/astra/iroc_final_ws/odom_repub/install/local_setup.zsh'
[17.639s] [34mcolcon.colcon_core.shell[0m [1;30mINFO[0m Creating prefix chain script '/home/astra/iroc_final_ws/odom_repub/install/setup.zsh'
