[3.879s] [34mcolcon[0m [1;30mDEBUG[0m [32mCommand line arguments: ['/usr/bin/colcon', 'build', '--symlink-install'][0m
[3.879s] [34mcolcon[0m [1;30mDEBUG[0m [32mParsed command line arguments: Namespace(log_base=None, log_level=None, verb_name='build', build_base='build', install_base='install', merge_install=False, symlink_install=True, test_result_base=None, continue_on_error=False, executor='parallel', parallel_workers=6, event_handlers=None, ignore_user_meta=False, metas=['./colcon.meta'], base_paths=['.'], packages_ignore=None, packages_ignore_regex=None, paths=None, packages_up_to=None, packages_up_to_regex=None, packages_above=None, packages_above_and_dependencies=None, packages_above_depth=None, packages_select_by_dep=None, packages_skip_by_dep=None, packages_skip_up_to=None, packages_select_build_failed=False, packages_skip_build_finished=False, packages_select_test_failures=False, packages_skip_test_passed=False, packages_select=None, packages_skip=None, packages_select_regex=None, packages_skip_regex=None, packages_start=None, packages_end=None, allow_overriding=[], cmake_args=None, cmake_target=None, cmake_target_skip_unavailable=False, cmake_clean_cache=False, cmake_clean_first=False, cmake_force_configure=False, ament_cmake_args=None, catkin_cmake_args=None, catkin_skip_building_tests=False, verb_parser=<colcon_defaults.argument_parser.defaults.DefaultArgumentsDecorator object at 0xffff8be76d40>, verb_extension=<colcon_core.verb.build.BuildVerb object at 0xffff8be76710>, main=<bound method BuildVerb.main of <colcon_core.verb.build.BuildVerb object at 0xffff8be76710>>)[0m
[4.574s] [34mcolcon.colcon_core.package_discovery[0m [1;30mLevel 1[0m discover_packages(colcon_meta) check parameters
[4.574s] [34mcolcon.colcon_core.package_discovery[0m [1;30mLevel 1[0m discover_packages(recursive) check parameters
[4.574s] [34mcolcon.colcon_core.package_discovery[0m [1;30mLevel 1[0m discover_packages(ignore) check parameters
[4.574s] [34mcolcon.colcon_core.package_discovery[0m [1;30mLevel 1[0m discover_packages(path) check parameters
[4.574s] [34mcolcon.colcon_core.package_discovery[0m [1;30mLevel 1[0m discover_packages(colcon_meta) discover
[4.575s] [34mcolcon.colcon_core.package_discovery[0m [1;30mLevel 1[0m discover_packages(recursive) discover
[4.575s] [34mcolcon.colcon_core.package_discovery[0m [1;30mINFO[0m Crawling recursively for packages in '/home/astra/iroc_final_ws/odom_repub'
[4.575s] [34mcolcon.colcon_core.package_identification[0m [1;30mLevel 1[0m _identify(.) by extensions ['ignore', 'ignore_ament_install']
[4.575s] [34mcolcon.colcon_core.package_identification[0m [1;30mLevel 1[0m _identify(.) by extension 'ignore'
[4.576s] [34mcolcon.colcon_core.package_identification[0m [1;30mLevel 1[0m _identify(.) by extension 'ignore_ament_install'
[4.576s] [34mcolcon.colcon_core.package_identification[0m [1;30mLevel 1[0m _identify(.) by extensions ['colcon_pkg']
[4.576s] [34mcolcon.colcon_core.package_identification[0m [1;30mLevel 1[0m _identify(.) by extension 'colcon_pkg'
[4.576s] [34mcolcon.colcon_core.package_identification[0m [1;30mLevel 1[0m _identify(.) by extensions ['colcon_meta']
[4.576s] [34mcolcon.colcon_core.package_identification[0m [1;30mLevel 1[0m _identify(.) by extension 'colcon_meta'
[4.576s] [34mcolcon.colcon_core.package_identification[0m [1;30mLevel 1[0m _identify(.) by extensions ['ros']
[4.576s] [34mcolcon.colcon_core.package_identification[0m [1;30mLevel 1[0m _identify(.) by extension 'ros'
[4.626s] [34mcolcon.colcon_core.package_identification[0m [1;30mLevel 1[0m _identify(.) by extensions ['cmake', 'python']
[4.627s] [34mcolcon.colcon_core.package_identification[0m [1;30mLevel 1[0m _identify(.) by extension 'cmake'
[4.627s] [34mcolcon.colcon_core.package_identification[0m [1;30mLevel 1[0m _identify(.) by extension 'python'
[4.627s] [34mcolcon.colcon_core.package_identification[0m [1;30mLevel 1[0m _identify(.) by extensions ['python_setup_py']
[4.627s] [34mcolcon.colcon_core.package_identification[0m [1;30mLevel 1[0m _identify(.) by extension 'python_setup_py'
[4.628s] [34mcolcon.colcon_core.package_identification[0m [1;30mLevel 1[0m _identify(build) by extensions ['ignore', 'ignore_ament_install']
[4.629s] [34mcolcon.colcon_core.package_identification[0m [1;30mLevel 1[0m _identify(build) by extension 'ignore'
[4.629s] [34mcolcon.colcon_core.package_identification[0m [1;30mLevel 1[0m _identify(build) ignored
[4.629s] [34mcolcon.colcon_core.package_identification[0m [1;30mLevel 1[0m _identify(install) by extensions ['ignore', 'ignore_ament_install']
[4.630s] [34mcolcon.colcon_core.package_identification[0m [1;30mLevel 1[0m _identify(install) by extension 'ignore'
[4.630s] [34mcolcon.colcon_core.package_identification[0m [1;30mLevel 1[0m _identify(install) ignored
[4.630s] [34mcolcon.colcon_core.package_identification[0m [1;30mLevel 1[0m _identify(log) by extensions ['ignore', 'ignore_ament_install']
[4.630s] [34mcolcon.colcon_core.package_identification[0m [1;30mLevel 1[0m _identify(log) by extension 'ignore'
[4.631s] [34mcolcon.colcon_core.package_identification[0m [1;30mLevel 1[0m _identify(log) ignored
[4.631s] [34mcolcon.colcon_core.package_identification[0m [1;30mLevel 1[0m _identify(src) by extensions ['ignore', 'ignore_ament_install']
[4.631s] [34mcolcon.colcon_core.package_identification[0m [1;30mLevel 1[0m _identify(src) by extension 'ignore'
[4.631s] [34mcolcon.colcon_core.package_identification[0m [1;30mLevel 1[0m _identify(src) by extension 'ignore_ament_install'
[4.632s] [34mcolcon.colcon_core.package_identification[0m [1;30mLevel 1[0m _identify(src) by extensions ['colcon_pkg']
[4.632s] [34mcolcon.colcon_core.package_identification[0m [1;30mLevel 1[0m _identify(src) by extension 'colcon_pkg'
[4.632s] [34mcolcon.colcon_core.package_identification[0m [1;30mLevel 1[0m _identify(src) by extensions ['colcon_meta']
[4.632s] [34mcolcon.colcon_core.package_identification[0m [1;30mLevel 1[0m _identify(src) by extension 'colcon_meta'
[4.632s] [34mcolcon.colcon_core.package_identification[0m [1;30mLevel 1[0m _identify(src) by extensions ['ros']
[4.632s] [34mcolcon.colcon_core.package_identification[0m [1;30mLevel 1[0m _identify(src) by extension 'ros'
[4.633s] [34mcolcon.colcon_core.package_identification[0m [1;30mLevel 1[0m _identify(src) by extensions ['cmake', 'python']
[4.633s] [34mcolcon.colcon_core.package_identification[0m [1;30mLevel 1[0m _identify(src) by extension 'cmake'
[4.633s] [34mcolcon.colcon_core.package_identification[0m [1;30mLevel 1[0m _identify(src) by extension 'python'
[4.633s] [34mcolcon.colcon_core.package_identification[0m [1;30mLevel 1[0m _identify(src) by extensions ['python_setup_py']
[4.633s] [34mcolcon.colcon_core.package_identification[0m [1;30mLevel 1[0m _identify(src) by extension 'python_setup_py'
[4.633s] [34mcolcon.colcon_core.package_identification[0m [1;30mLevel 1[0m _identify(src/odom_republisher) by extensions ['ignore', 'ignore_ament_install']
[4.634s] [34mcolcon.colcon_core.package_identification[0m [1;30mLevel 1[0m _identify(src/odom_republisher) by extension 'ignore'
[4.634s] [34mcolcon.colcon_core.package_identification[0m [1;30mLevel 1[0m _identify(src/odom_republisher) by extension 'ignore_ament_install'
[4.634s] [34mcolcon.colcon_core.package_identification[0m [1;30mLevel 1[0m _identify(src/odom_republisher) by extensions ['colcon_pkg']
[4.634s] [34mcolcon.colcon_core.package_identification[0m [1;30mLevel 1[0m _identify(src/odom_republisher) by extension 'colcon_pkg'
[4.634s] [34mcolcon.colcon_core.package_identification[0m [1;30mLevel 1[0m _identify(src/odom_republisher) by extensions ['colcon_meta']
[4.634s] [34mcolcon.colcon_core.package_identification[0m [1;30mLevel 1[0m _identify(src/odom_republisher) by extension 'colcon_meta'
[4.635s] [34mcolcon.colcon_core.package_identification[0m [1;30mLevel 1[0m _identify(src/odom_republisher) by extensions ['ros']
[4.635s] [34mcolcon.colcon_core.package_identification[0m [1;30mLevel 1[0m _identify(src/odom_republisher) by extension 'ros'
[4.648s] [34mcolcon.colcon_core.package_identification[0m [1;30mDEBUG[0m [32mPackage 'src/odom_republisher' with type 'ros.ament_python' and name 'odom_republisher'[0m
[4.649s] [34mcolcon.colcon_core.package_discovery[0m [1;30mLevel 1[0m discover_packages(recursive) using defaults
[4.649s] [34mcolcon.colcon_core.package_discovery[0m [1;30mLevel 1[0m discover_packages(ignore) discover
[4.649s] [34mcolcon.colcon_core.package_discovery[0m [1;30mLevel 1[0m discover_packages(ignore) using defaults
[4.649s] [34mcolcon.colcon_core.package_discovery[0m [1;30mLevel 1[0m discover_packages(path) discover
[4.649s] [34mcolcon.colcon_core.package_discovery[0m [1;30mLevel 1[0m discover_packages(path) using defaults
[4.895s] [34mcolcon.colcon_core.package_discovery[0m [1;30mLevel 1[0m discover_packages(prefix_path) check parameters
[4.895s] [34mcolcon.colcon_core.package_discovery[0m [1;30mLevel 1[0m discover_packages(prefix_path) discover
[4.915s] [34mcolcon.colcon_installed_package_information.package_discovery[0m [1;30mDEBUG[0m [32mFound 2 installed packages in /home/astra/iroc_final_ws/odom_repub/install[0m
[4.918s] [34mcolcon.colcon_installed_package_information.package_discovery[0m [1;30mDEBUG[0m [32mFound 4 installed packages in /home/astra/astra_ws/install[0m
[4.920s] [34mcolcon.colcon_installed_package_information.package_discovery[0m [1;30mDEBUG[0m [32mFound 1 installed packages in /home/astra/ros2_ws/install[0m
[4.922s] [34mcolcon.colcon_installed_package_information.package_discovery[0m [1;30mDEBUG[0m [32mFound 3 installed packages in /home/astra/iroc_final_ws/zed/install[0m
[4.923s] [34mcolcon.colcon_installed_package_information.package_discovery[0m [1;30mDEBUG[0m [32mFound 1 installed packages in /home/astra/iroc_final_ws/map_saver/install[0m
[4.927s] [34mcolcon.colcon_installed_package_information.package_discovery[0m [1;30mDEBUG[0m [32mFound 304 installed packages in /opt/ros/humble[0m
[4.930s] [34mcolcon.colcon_core.package_discovery[0m [1;30mLevel 1[0m discover_packages(prefix_path) using defaults
[5.211s] [34mcolcon.colcon_core.verb[0m [1;30mLevel 5[0m set package 'odom_republisher' build argument 'cmake_args' from command line to 'None'
[5.211s] [34mcolcon.colcon_core.verb[0m [1;30mLevel 5[0m set package 'odom_republisher' build argument 'cmake_target' from command line to 'None'
[5.211s] [34mcolcon.colcon_core.verb[0m [1;30mLevel 5[0m set package 'odom_republisher' build argument 'cmake_target_skip_unavailable' from command line to 'False'
[5.212s] [34mcolcon.colcon_core.verb[0m [1;30mLevel 5[0m set package 'odom_republisher' build argument 'cmake_clean_cache' from command line to 'False'
[5.212s] [34mcolcon.colcon_core.verb[0m [1;30mLevel 5[0m set package 'odom_republisher' build argument 'cmake_clean_first' from command line to 'False'
[5.212s] [34mcolcon.colcon_core.verb[0m [1;30mLevel 5[0m set package 'odom_republisher' build argument 'cmake_force_configure' from command line to 'False'
[5.212s] [34mcolcon.colcon_core.verb[0m [1;30mLevel 5[0m set package 'odom_republisher' build argument 'ament_cmake_args' from command line to 'None'
[5.212s] [34mcolcon.colcon_core.verb[0m [1;30mLevel 5[0m set package 'odom_republisher' build argument 'catkin_cmake_args' from command line to 'None'
[5.212s] [34mcolcon.colcon_core.verb[0m [1;30mLevel 5[0m set package 'odom_republisher' build argument 'catkin_skip_building_tests' from command line to 'False'
[5.212s] [34mcolcon.colcon_core.verb[0m [1;30mDEBUG[0m [32mBuilding package 'odom_republisher' with the following arguments: {'ament_cmake_args': None, 'build_base': '/home/astra/iroc_final_ws/odom_repub/build/odom_republisher', 'catkin_cmake_args': None, 'catkin_skip_building_tests': False, 'cmake_args': None, 'cmake_clean_cache': False, 'cmake_clean_first': False, 'cmake_force_configure': False, 'cmake_target': None, 'cmake_target_skip_unavailable': False, 'install_base': '/home/astra/iroc_final_ws/odom_repub/install/odom_republisher', 'merge_install': False, 'path': '/home/astra/iroc_final_ws/odom_repub/src/odom_republisher', 'symlink_install': True, 'test_result_base': None}[0m
[5.213s] [34mcolcon.colcon_core.executor[0m [1;30mINFO[0m Executing jobs using 'parallel' executor
[5.215s] [34mcolcon.colcon_parallel_executor.executor.parallel[0m [1;30mDEBUG[0m [32mrun_until_complete[0m
[5.216s] [34mcolcon.colcon_ros.task.ament_python.build[0m [1;30mINFO[0m Building ROS package in '/home/astra/iroc_final_ws/odom_repub/src/odom_republisher' with build type 'ament_python'
[5.217s] [34mcolcon.colcon_core.shell[0m [1;30mLevel 1[0m create_environment_hook('odom_republisher', 'ament_prefix_path')
[5.237s] [34mcolcon.colcon_core.plugin_system[0m [1;30mINFO[0m Skipping extension 'colcon_core.shell.bat': Not used on non-Windows systems
[5.238s] [34mcolcon.colcon_core.shell[0m [1;30mINFO[0m Creating environment hook '/home/astra/iroc_final_ws/odom_repub/install/odom_republisher/share/odom_republisher/hook/ament_prefix_path.ps1'
[5.244s] [34mcolcon.colcon_core.shell[0m [1;30mINFO[0m Creating environment descriptor '/home/astra/iroc_final_ws/odom_repub/install/odom_republisher/share/odom_republisher/hook/ament_prefix_path.dsv'
[5.247s] [34mcolcon.colcon_core.shell[0m [1;30mINFO[0m Creating environment hook '/home/astra/iroc_final_ws/odom_repub/install/odom_republisher/share/odom_republisher/hook/ament_prefix_path.sh'
[5.250s] [34mcolcon.colcon_core.shell[0m [1;30mINFO[0m Skip shell extension 'powershell' for command environment: Not usable outside of PowerShell
[5.250s] [34mcolcon.colcon_core.shell[0m [1;30mDEBUG[0m [32mSkip shell extension 'dsv' for command environment[0m
[6.232s] [34mcolcon.colcon_core.task.python.build[0m [1;30mINFO[0m Building Python package in '/home/astra/iroc_final_ws/odom_repub/src/odom_republisher'
[6.233s] [34mcolcon.colcon_core.shell[0m [1;30mINFO[0m Skip shell extension 'powershell' for command environment: Not usable outside of PowerShell
[6.233s] [34mcolcon.colcon_core.shell[0m [1;30mDEBUG[0m [32mSkip shell extension 'dsv' for command environment[0m
[8.500s] [34mcolcon.colcon_core.event_handler.log_command[0m [1;30mDEBUG[0m [32mInvoking command in '/home/astra/iroc_final_ws/odom_repub/build/odom_republisher': PYTHONPATH=/home/astra/iroc_final_ws/odom_repub/build/odom_republisher/prefix_override:/usr/lib/python3/dist-packages/colcon_core/task/python/colcon_distutils_commands:/home/astra/iroc_final_ws/odom_repub/install/odom_republisher/lib/python3.10/site-packages:${PYTHONPATH} /usr/bin/python3 -W ignore:setup.py install is deprecated -W ignore:easy_install command is deprecated setup.py develop --editable --build-directory /home/astra/iroc_final_ws/odom_repub/build/odom_republisher/build --no-deps symlink_data[0m
[10.619s] [34mcolcon.colcon_core.shell[0m [1;30mLevel 1[0m create_environment_hook('odom_republisher', 'pythonpath_develop')
[10.620s] [34mcolcon.colcon_core.shell[0m [1;30mINFO[0m Creating environment hook '/home/astra/iroc_final_ws/odom_repub/build/odom_republisher/share/odom_republisher/hook/pythonpath_develop.ps1'
[10.621s] [34mcolcon.colcon_core.event_handler.log_command[0m [1;30mDEBUG[0m [32mInvoked command in '/home/astra/iroc_final_ws/odom_repub/build/odom_republisher' returned '0': PYTHONPATH=/home/astra/iroc_final_ws/odom_repub/build/odom_republisher/prefix_override:/usr/lib/python3/dist-packages/colcon_core/task/python/colcon_distutils_commands:/home/astra/iroc_final_ws/odom_repub/install/odom_republisher/lib/python3.10/site-packages:${PYTHONPATH} /usr/bin/python3 -W ignore:setup.py install is deprecated -W ignore:easy_install command is deprecated setup.py develop --editable --build-directory /home/astra/iroc_final_ws/odom_repub/build/odom_republisher/build --no-deps symlink_data[0m
[10.628s] [34mcolcon.colcon_core.shell[0m [1;30mINFO[0m Creating environment descriptor '/home/astra/iroc_final_ws/odom_repub/build/odom_republisher/share/odom_republisher/hook/pythonpath_develop.dsv'
[10.629s] [34mcolcon.colcon_core.shell[0m [1;30mINFO[0m Creating environment hook '/home/astra/iroc_final_ws/odom_repub/build/odom_republisher/share/odom_republisher/hook/pythonpath_develop.sh'
[10.643s] [34mcolcon.colcon_core.environment[0m [1;30mLevel 1[0m checking '/home/astra/iroc_final_ws/odom_repub/install/odom_republisher' for CMake module files
[10.644s] [34mcolcon.colcon_core.environment[0m [1;30mLevel 1[0m checking '/home/astra/iroc_final_ws/odom_repub/install/odom_republisher' for CMake config files
[10.647s] [34mcolcon.colcon_core.environment[0m [1;30mLevel 1[0m checking '/home/astra/iroc_final_ws/odom_repub/install/odom_republisher/lib'
[10.648s] [34mcolcon.colcon_core.environment[0m [1;30mLevel 1[0m checking '/home/astra/iroc_final_ws/odom_repub/install/odom_republisher/bin'
[10.648s] [34mcolcon.colcon_core.environment[0m [1;30mLevel 1[0m checking '/home/astra/iroc_final_ws/odom_repub/install/odom_republisher/lib/pkgconfig/odom_republisher.pc'
[10.649s] [34mcolcon.colcon_core.environment[0m [1;30mLevel 1[0m checking '/home/astra/iroc_final_ws/odom_repub/install/odom_republisher/lib/python3.10/site-packages'
[10.649s] [34mcolcon.colcon_core.shell[0m [1;30mLevel 1[0m create_environment_hook('odom_republisher', 'pythonpath')
[10.649s] [34mcolcon.colcon_core.shell[0m [1;30mINFO[0m Creating environment hook '/home/astra/iroc_final_ws/odom_repub/install/odom_republisher/share/odom_republisher/hook/pythonpath.ps1'
[10.651s] [34mcolcon.colcon_core.shell[0m [1;30mINFO[0m Creating environment descriptor '/home/astra/iroc_final_ws/odom_repub/install/odom_republisher/share/odom_republisher/hook/pythonpath.dsv'
[10.652s] [34mcolcon.colcon_core.shell[0m [1;30mINFO[0m Creating environment hook '/home/astra/iroc_final_ws/odom_repub/install/odom_republisher/share/odom_republisher/hook/pythonpath.sh'
[10.653s] [34mcolcon.colcon_core.environment[0m [1;30mLevel 1[0m checking '/home/astra/iroc_final_ws/odom_repub/install/odom_republisher/bin'
[10.653s] [34mcolcon.colcon_core.environment[0m [1;30mLevel 1[0m create_environment_scripts_only(odom_republisher)
[10.654s] [34mcolcon.colcon_core.shell[0m [1;30mINFO[0m Creating package script '/home/astra/iroc_final_ws/odom_repub/install/odom_republisher/share/odom_republisher/package.ps1'
[10.665s] [34mcolcon.colcon_core.shell[0m [1;30mINFO[0m Creating package descriptor '/home/astra/iroc_final_ws/odom_repub/install/odom_republisher/share/odom_republisher/package.dsv'
[10.667s] [34mcolcon.colcon_core.shell[0m [1;30mINFO[0m Creating package script '/home/astra/iroc_final_ws/odom_repub/install/odom_republisher/share/odom_republisher/package.sh'
[10.671s] [34mcolcon.colcon_core.shell[0m [1;30mINFO[0m Creating package script '/home/astra/iroc_final_ws/odom_repub/install/odom_republisher/share/odom_republisher/package.bash'
[10.675s] [34mcolcon.colcon_core.shell[0m [1;30mINFO[0m Creating package script '/home/astra/iroc_final_ws/odom_repub/install/odom_republisher/share/odom_republisher/package.zsh'
[10.679s] [34mcolcon.colcon_core.environment[0m [1;30mLevel 1[0m create_file_with_runtime_dependencies(/home/astra/iroc_final_ws/odom_repub/install/odom_republisher/share/colcon-core/packages/odom_republisher)
[10.680s] [34mcolcon.colcon_parallel_executor.executor.parallel[0m [1;30mDEBUG[0m [32mclosing loop[0m
[10.685s] [34mcolcon.colcon_parallel_executor.executor.parallel[0m [1;30mDEBUG[0m [32mloop closed[0m
[10.685s] [34mcolcon.colcon_parallel_executor.executor.parallel[0m [1;30mDEBUG[0m [32mrun_until_complete finished with '0'[0m
[10.685s] [34mcolcon.colcon_core.event_reactor[0m [1;30mDEBUG[0m [32mjoining thread[0m
[10.808s] [34mcolcon.colcon_core.plugin_system[0m [1;30mINFO[0m Skipping extension 'colcon_notification.desktop_notification.terminal_notifier': Not used on non-Darwin systems
[10.809s] [34mcolcon.colcon_core.plugin_system[0m [1;30mINFO[0m Skipping extension 'colcon_notification.desktop_notification.win32': Not used on non-Windows systems
[10.809s] [34mcolcon.colcon_notification.desktop_notification[0m [1;30mINFO[0m Sending desktop notification using 'notify2'
[10.926s] [34mcolcon.colcon_core.event_reactor[0m [1;30mDEBUG[0m [32mjoined thread[0m
[10.927s] [34mcolcon.colcon_core.shell[0m [1;30mINFO[0m Creating prefix script '/home/astra/iroc_final_ws/odom_repub/install/local_setup.ps1'
[10.933s] [34mcolcon.colcon_core.shell[0m [1;30mINFO[0m Creating prefix util module '/home/astra/iroc_final_ws/odom_repub/install/_local_setup_util_ps1.py'
[10.938s] [34mcolcon.colcon_core.shell[0m [1;30mINFO[0m Creating prefix chain script '/home/astra/iroc_final_ws/odom_repub/install/setup.ps1'
[10.944s] [34mcolcon.colcon_core.shell[0m [1;30mINFO[0m Creating prefix script '/home/astra/iroc_final_ws/odom_repub/install/local_setup.sh'
[10.948s] [34mcolcon.colcon_core.shell[0m [1;30mINFO[0m Creating prefix util module '/home/astra/iroc_final_ws/odom_repub/install/_local_setup_util_sh.py'
[10.962s] [34mcolcon.colcon_core.shell[0m [1;30mINFO[0m Creating prefix chain script '/home/astra/iroc_final_ws/odom_repub/install/setup.sh'
[10.985s] [34mcolcon.colcon_core.shell[0m [1;30mINFO[0m Creating prefix script '/home/astra/iroc_final_ws/odom_repub/install/local_setup.bash'
[10.998s] [34mcolcon.colcon_core.shell[0m [1;30mINFO[0m Creating prefix chain script '/home/astra/iroc_final_ws/odom_repub/install/setup.bash'
[11.008s] [34mcolcon.colcon_core.shell[0m [1;30mINFO[0m Creating prefix script '/home/astra/iroc_final_ws/odom_repub/install/local_setup.zsh'
[11.016s] [34mcolcon.colcon_core.shell[0m [1;30mINFO[0m Creating prefix chain script '/home/astra/iroc_final_ws/odom_repub/install/setup.zsh'
