[0.365s] [34mcolcon[0m [1;30mDEBUG[0m [32mCommand line arguments: ['/usr/bin/colcon', 'build', '--symlink-install'][0m
[0.366s] [34mcolcon[0m [1;30mDEBUG[0m [32mParsed command line arguments: Namespace(log_base=None, log_level=None, verb_name='build', build_base='build', install_base='install', merge_install=False, symlink_install=True, test_result_base=None, continue_on_error=False, executor='parallel', parallel_workers=6, event_handlers=None, ignore_user_meta=False, metas=['./colcon.meta'], base_paths=['.'], packages_ignore=None, packages_ignore_regex=None, paths=None, packages_up_to=None, packages_up_to_regex=None, packages_above=None, packages_above_and_dependencies=None, packages_above_depth=None, packages_select_by_dep=None, packages_skip_by_dep=None, packages_skip_up_to=None, packages_select_build_failed=False, packages_skip_build_finished=False, packages_select_test_failures=False, packages_skip_test_passed=False, packages_select=None, packages_skip=None, packages_select_regex=None, packages_skip_regex=None, packages_start=None, packages_end=None, allow_overriding=[], cmake_args=None, cmake_target=None, cmake_target_skip_unavailable=False, cmake_clean_cache=False, cmake_clean_first=False, cmake_force_configure=False, ament_cmake_args=None, catkin_cmake_args=None, catkin_skip_building_tests=False, verb_parser=<colcon_defaults.argument_parser.defaults.DefaultArgumentsDecorator object at 0xffff81636cb0>, verb_extension=<colcon_core.verb.build.BuildVerb object at 0xffff81636680>, main=<bound method BuildVerb.main of <colcon_core.verb.build.BuildVerb object at 0xffff81636680>>)[0m
[0.910s] [34mcolcon.colcon_core.package_discovery[0m [1;30mLevel 1[0m discover_packages(colcon_meta) check parameters
[0.911s] [34mcolcon.colcon_core.package_discovery[0m [1;30mLevel 1[0m discover_packages(recursive) check parameters
[0.911s] [34mcolcon.colcon_core.package_discovery[0m [1;30mLevel 1[0m discover_packages(ignore) check parameters
[0.911s] [34mcolcon.colcon_core.package_discovery[0m [1;30mLevel 1[0m discover_packages(path) check parameters
[0.911s] [34mcolcon.colcon_core.package_discovery[0m [1;30mLevel 1[0m discover_packages(colcon_meta) discover
[0.911s] [34mcolcon.colcon_core.package_discovery[0m [1;30mLevel 1[0m discover_packages(recursive) discover
[0.911s] [34mcolcon.colcon_core.package_discovery[0m [1;30mINFO[0m Crawling recursively for packages in '/home/astra/iroc_final_ws/odom_repub'
[0.912s] [34mcolcon.colcon_core.package_identification[0m [1;30mLevel 1[0m _identify(.) by extensions ['ignore', 'ignore_ament_install']
[0.912s] [34mcolcon.colcon_core.package_identification[0m [1;30mLevel 1[0m _identify(.) by extension 'ignore'
[0.912s] [34mcolcon.colcon_core.package_identification[0m [1;30mLevel 1[0m _identify(.) by extension 'ignore_ament_install'
[0.912s] [34mcolcon.colcon_core.package_identification[0m [1;30mLevel 1[0m _identify(.) by extensions ['colcon_pkg']
[0.912s] [34mcolcon.colcon_core.package_identification[0m [1;30mLevel 1[0m _identify(.) by extension 'colcon_pkg'
[0.913s] [34mcolcon.colcon_core.package_identification[0m [1;30mLevel 1[0m _identify(.) by extensions ['colcon_meta']
[0.913s] [34mcolcon.colcon_core.package_identification[0m [1;30mLevel 1[0m _identify(.) by extension 'colcon_meta'
[0.913s] [34mcolcon.colcon_core.package_identification[0m [1;30mLevel 1[0m _identify(.) by extensions ['ros']
[0.913s] [34mcolcon.colcon_core.package_identification[0m [1;30mLevel 1[0m _identify(.) by extension 'ros'
[0.941s] [34mcolcon.colcon_core.package_identification[0m [1;30mLevel 1[0m _identify(.) by extensions ['cmake', 'python']
[0.941s] [34mcolcon.colcon_core.package_identification[0m [1;30mLevel 1[0m _identify(.) by extension 'cmake'
[0.941s] [34mcolcon.colcon_core.package_identification[0m [1;30mLevel 1[0m _identify(.) by extension 'python'
[0.942s] [34mcolcon.colcon_core.package_identification[0m [1;30mLevel 1[0m _identify(.) by extensions ['python_setup_py']
[0.942s] [34mcolcon.colcon_core.package_identification[0m [1;30mLevel 1[0m _identify(.) by extension 'python_setup_py'
[0.942s] [34mcolcon.colcon_core.package_identification[0m [1;30mLevel 1[0m _identify(build) by extensions ['ignore', 'ignore_ament_install']
[0.943s] [34mcolcon.colcon_core.package_identification[0m [1;30mLevel 1[0m _identify(build) by extension 'ignore'
[0.943s] [34mcolcon.colcon_core.package_identification[0m [1;30mLevel 1[0m _identify(build) ignored
[0.943s] [34mcolcon.colcon_core.package_identification[0m [1;30mLevel 1[0m _identify(install) by extensions ['ignore', 'ignore_ament_install']
[0.943s] [34mcolcon.colcon_core.package_identification[0m [1;30mLevel 1[0m _identify(install) by extension 'ignore'
[0.943s] [34mcolcon.colcon_core.package_identification[0m [1;30mLevel 1[0m _identify(install) ignored
[0.944s] [34mcolcon.colcon_core.package_identification[0m [1;30mLevel 1[0m _identify(log) by extensions ['ignore', 'ignore_ament_install']
[0.944s] [34mcolcon.colcon_core.package_identification[0m [1;30mLevel 1[0m _identify(log) by extension 'ignore'
[0.944s] [34mcolcon.colcon_core.package_identification[0m [1;30mLevel 1[0m _identify(log) ignored
[0.944s] [34mcolcon.colcon_core.package_identification[0m [1;30mLevel 1[0m _identify(src) by extensions ['ignore', 'ignore_ament_install']
[0.944s] [34mcolcon.colcon_core.package_identification[0m [1;30mLevel 1[0m _identify(src) by extension 'ignore'
[0.945s] [34mcolcon.colcon_core.package_identification[0m [1;30mLevel 1[0m _identify(src) by extension 'ignore_ament_install'
[0.945s] [34mcolcon.colcon_core.package_identification[0m [1;30mLevel 1[0m _identify(src) by extensions ['colcon_pkg']
[0.945s] [34mcolcon.colcon_core.package_identification[0m [1;30mLevel 1[0m _identify(src) by extension 'colcon_pkg'
[0.945s] [34mcolcon.colcon_core.package_identification[0m [1;30mLevel 1[0m _identify(src) by extensions ['colcon_meta']
[0.945s] [34mcolcon.colcon_core.package_identification[0m [1;30mLevel 1[0m _identify(src) by extension 'colcon_meta'
[0.945s] [34mcolcon.colcon_core.package_identification[0m [1;30mLevel 1[0m _identify(src) by extensions ['ros']
[0.945s] [34mcolcon.colcon_core.package_identification[0m [1;30mLevel 1[0m _identify(src) by extension 'ros'
[0.945s] [34mcolcon.colcon_core.package_identification[0m [1;30mLevel 1[0m _identify(src) by extensions ['cmake', 'python']
[0.945s] [34mcolcon.colcon_core.package_identification[0m [1;30mLevel 1[0m _identify(src) by extension 'cmake'
[0.946s] [34mcolcon.colcon_core.package_identification[0m [1;30mLevel 1[0m _identify(src) by extension 'python'
[0.946s] [34mcolcon.colcon_core.package_identification[0m [1;30mLevel 1[0m _identify(src) by extensions ['python_setup_py']
[0.946s] [34mcolcon.colcon_core.package_identification[0m [1;30mLevel 1[0m _identify(src) by extension 'python_setup_py'
[0.946s] [34mcolcon.colcon_core.package_identification[0m [1;30mLevel 1[0m _identify(src/odom_republisher) by extensions ['ignore', 'ignore_ament_install']
[0.946s] [34mcolcon.colcon_core.package_identification[0m [1;30mLevel 1[0m _identify(src/odom_republisher) by extension 'ignore'
[0.946s] [34mcolcon.colcon_core.package_identification[0m [1;30mLevel 1[0m _identify(src/odom_republisher) by extension 'ignore_ament_install'
[0.946s] [34mcolcon.colcon_core.package_identification[0m [1;30mLevel 1[0m _identify(src/odom_republisher) by extensions ['colcon_pkg']
[0.947s] [34mcolcon.colcon_core.package_identification[0m [1;30mLevel 1[0m _identify(src/odom_republisher) by extension 'colcon_pkg'
[0.947s] [34mcolcon.colcon_core.package_identification[0m [1;30mLevel 1[0m _identify(src/odom_republisher) by extensions ['colcon_meta']
[0.947s] [34mcolcon.colcon_core.package_identification[0m [1;30mLevel 1[0m _identify(src/odom_republisher) by extension 'colcon_meta'
[0.947s] [34mcolcon.colcon_core.package_identification[0m [1;30mLevel 1[0m _identify(src/odom_republisher) by extensions ['ros']
[0.947s] [34mcolcon.colcon_core.package_identification[0m [1;30mLevel 1[0m _identify(src/odom_republisher) by extension 'ros'
[0.953s] [34mcolcon.colcon_core.package_identification[0m [1;30mDEBUG[0m [32mPackage 'src/odom_republisher' with type 'ros.ament_python' and name 'odom_republisher'[0m
[0.953s] [34mcolcon.colcon_core.package_discovery[0m [1;30mLevel 1[0m discover_packages(recursive) using defaults
[0.954s] [34mcolcon.colcon_core.package_discovery[0m [1;30mLevel 1[0m discover_packages(ignore) discover
[0.954s] [34mcolcon.colcon_core.package_discovery[0m [1;30mLevel 1[0m discover_packages(ignore) using defaults
[0.954s] [34mcolcon.colcon_core.package_discovery[0m [1;30mLevel 1[0m discover_packages(path) discover
[0.954s] [34mcolcon.colcon_core.package_discovery[0m [1;30mLevel 1[0m discover_packages(path) using defaults
[0.984s] [34mcolcon.colcon_core.package_discovery[0m [1;30mLevel 1[0m discover_packages(prefix_path) check parameters
[0.984s] [34mcolcon.colcon_core.package_discovery[0m [1;30mLevel 1[0m discover_packages(prefix_path) discover
[0.990s] [34mcolcon.colcon_installed_package_information.package_discovery[0m [1;30mDEBUG[0m [32mFound 2 installed packages in /home/astra/iroc_final_ws/odom_repub/install[0m
[0.991s] [34mcolcon.colcon_installed_package_information.package_discovery[0m [1;30mDEBUG[0m [32mFound 4 installed packages in /home/astra/astra_ws/install[0m
[0.992s] [34mcolcon.colcon_installed_package_information.package_discovery[0m [1;30mDEBUG[0m [32mFound 1 installed packages in /home/astra/ros2_ws/install[0m
[0.993s] [34mcolcon.colcon_installed_package_information.package_discovery[0m [1;30mDEBUG[0m [32mFound 3 installed packages in /home/astra/iroc_final_ws/zed/install[0m
[0.994s] [34mcolcon.colcon_installed_package_information.package_discovery[0m [1;30mDEBUG[0m [32mFound 1 installed packages in /home/astra/iroc_final_ws/map_saver/install[0m
[0.996s] [34mcolcon.colcon_installed_package_information.package_discovery[0m [1;30mDEBUG[0m [32mFound 304 installed packages in /opt/ros/humble[0m
[0.999s] [34mcolcon.colcon_core.package_discovery[0m [1;30mLevel 1[0m discover_packages(prefix_path) using defaults
[1.085s] [34mcolcon.colcon_core.verb[0m [1;30mLevel 5[0m set package 'odom_republisher' build argument 'cmake_args' from command line to 'None'
[1.085s] [34mcolcon.colcon_core.verb[0m [1;30mLevel 5[0m set package 'odom_republisher' build argument 'cmake_target' from command line to 'None'
[1.085s] [34mcolcon.colcon_core.verb[0m [1;30mLevel 5[0m set package 'odom_republisher' build argument 'cmake_target_skip_unavailable' from command line to 'False'
[1.085s] [34mcolcon.colcon_core.verb[0m [1;30mLevel 5[0m set package 'odom_republisher' build argument 'cmake_clean_cache' from command line to 'False'
[1.085s] [34mcolcon.colcon_core.verb[0m [1;30mLevel 5[0m set package 'odom_republisher' build argument 'cmake_clean_first' from command line to 'False'
[1.085s] [34mcolcon.colcon_core.verb[0m [1;30mLevel 5[0m set package 'odom_republisher' build argument 'cmake_force_configure' from command line to 'False'
[1.085s] [34mcolcon.colcon_core.verb[0m [1;30mLevel 5[0m set package 'odom_republisher' build argument 'ament_cmake_args' from command line to 'None'
[1.086s] [34mcolcon.colcon_core.verb[0m [1;30mLevel 5[0m set package 'odom_republisher' build argument 'catkin_cmake_args' from command line to 'None'
[1.086s] [34mcolcon.colcon_core.verb[0m [1;30mLevel 5[0m set package 'odom_republisher' build argument 'catkin_skip_building_tests' from command line to 'False'
[1.086s] [34mcolcon.colcon_core.verb[0m [1;30mDEBUG[0m [32mBuilding package 'odom_republisher' with the following arguments: {'ament_cmake_args': None, 'build_base': '/home/astra/iroc_final_ws/odom_repub/build/odom_republisher', 'catkin_cmake_args': None, 'catkin_skip_building_tests': False, 'cmake_args': None, 'cmake_clean_cache': False, 'cmake_clean_first': False, 'cmake_force_configure': False, 'cmake_target': None, 'cmake_target_skip_unavailable': False, 'install_base': '/home/astra/iroc_final_ws/odom_repub/install/odom_republisher', 'merge_install': False, 'path': '/home/astra/iroc_final_ws/odom_repub/src/odom_republisher', 'symlink_install': True, 'test_result_base': None}[0m
[1.086s] [34mcolcon.colcon_core.executor[0m [1;30mINFO[0m Executing jobs using 'parallel' executor
[1.089s] [34mcolcon.colcon_parallel_executor.executor.parallel[0m [1;30mDEBUG[0m [32mrun_until_complete[0m
[1.090s] [34mcolcon.colcon_ros.task.ament_python.build[0m [1;30mINFO[0m Building ROS package in '/home/astra/iroc_final_ws/odom_repub/src/odom_republisher' with build type 'ament_python'
[1.090s] [34mcolcon.colcon_core.shell[0m [1;30mLevel 1[0m create_environment_hook('odom_republisher', 'ament_prefix_path')
[1.095s] [34mcolcon.colcon_core.plugin_system[0m [1;30mINFO[0m Skipping extension 'colcon_core.shell.bat': Not used on non-Windows systems
[1.095s] [34mcolcon.colcon_core.shell[0m [1;30mINFO[0m Creating environment hook '/home/astra/iroc_final_ws/odom_repub/install/odom_republisher/share/odom_republisher/hook/ament_prefix_path.ps1'
[1.097s] [34mcolcon.colcon_core.shell[0m [1;30mINFO[0m Creating environment descriptor '/home/astra/iroc_final_ws/odom_repub/install/odom_republisher/share/odom_republisher/hook/ament_prefix_path.dsv'
[1.098s] [34mcolcon.colcon_core.shell[0m [1;30mINFO[0m Creating environment hook '/home/astra/iroc_final_ws/odom_repub/install/odom_republisher/share/odom_republisher/hook/ament_prefix_path.sh'
[1.100s] [34mcolcon.colcon_core.shell[0m [1;30mINFO[0m Skip shell extension 'powershell' for command environment: Not usable outside of PowerShell
[1.100s] [34mcolcon.colcon_core.shell[0m [1;30mDEBUG[0m [32mSkip shell extension 'dsv' for command environment[0m
[1.846s] [34mcolcon.colcon_core.task.python.build[0m [1;30mINFO[0m Building Python package in '/home/astra/iroc_final_ws/odom_repub/src/odom_republisher'
[1.847s] [34mcolcon.colcon_core.shell[0m [1;30mINFO[0m Skip shell extension 'powershell' for command environment: Not usable outside of PowerShell
[1.847s] [34mcolcon.colcon_core.shell[0m [1;30mDEBUG[0m [32mSkip shell extension 'dsv' for command environment[0m
[3.139s] [34mcolcon.colcon_core.event_handler.log_command[0m [1;30mDEBUG[0m [32mInvoking command in '/home/astra/iroc_final_ws/odom_repub/build/odom_republisher': PYTHONPATH=/home/astra/iroc_final_ws/odom_repub/build/odom_republisher/prefix_override:/usr/lib/python3/dist-packages/colcon_core/task/python/colcon_distutils_commands:/home/astra/iroc_final_ws/odom_repub/install/odom_republisher/lib/python3.10/site-packages:${PYTHONPATH} /usr/bin/python3 -W ignore:setup.py install is deprecated -W ignore:easy_install command is deprecated setup.py develop --editable --build-directory /home/astra/iroc_final_ws/odom_repub/build/odom_republisher/build --no-deps symlink_data[0m
[4.678s] [34mcolcon.colcon_core.shell[0m [1;30mLevel 1[0m create_environment_hook('odom_republisher', 'pythonpath_develop')
[4.679s] [34mcolcon.colcon_core.shell[0m [1;30mINFO[0m Creating environment hook '/home/astra/iroc_final_ws/odom_repub/build/odom_republisher/share/odom_republisher/hook/pythonpath_develop.ps1'
[4.682s] [34mcolcon.colcon_core.event_handler.log_command[0m [1;30mDEBUG[0m [32mInvoked command in '/home/astra/iroc_final_ws/odom_repub/build/odom_republisher' returned '0': PYTHONPATH=/home/astra/iroc_final_ws/odom_repub/build/odom_republisher/prefix_override:/usr/lib/python3/dist-packages/colcon_core/task/python/colcon_distutils_commands:/home/astra/iroc_final_ws/odom_repub/install/odom_republisher/lib/python3.10/site-packages:${PYTHONPATH} /usr/bin/python3 -W ignore:setup.py install is deprecated -W ignore:easy_install command is deprecated setup.py develop --editable --build-directory /home/astra/iroc_final_ws/odom_repub/build/odom_republisher/build --no-deps symlink_data[0m
[4.682s] [34mcolcon.colcon_core.shell[0m [1;30mINFO[0m Creating environment descriptor '/home/astra/iroc_final_ws/odom_repub/build/odom_republisher/share/odom_republisher/hook/pythonpath_develop.dsv'
[4.683s] [34mcolcon.colcon_core.shell[0m [1;30mINFO[0m Creating environment hook '/home/astra/iroc_final_ws/odom_repub/build/odom_republisher/share/odom_republisher/hook/pythonpath_develop.sh'
[4.689s] [34mcolcon.colcon_core.environment[0m [1;30mLevel 1[0m checking '/home/astra/iroc_final_ws/odom_repub/install/odom_republisher' for CMake module files
[4.690s] [34mcolcon.colcon_core.environment[0m [1;30mLevel 1[0m checking '/home/astra/iroc_final_ws/odom_repub/install/odom_republisher' for CMake config files
[4.692s] [34mcolcon.colcon_core.environment[0m [1;30mLevel 1[0m checking '/home/astra/iroc_final_ws/odom_repub/install/odom_republisher/lib'
[4.692s] [34mcolcon.colcon_core.environment[0m [1;30mLevel 1[0m checking '/home/astra/iroc_final_ws/odom_repub/install/odom_republisher/bin'
[4.692s] [34mcolcon.colcon_core.environment[0m [1;30mLevel 1[0m checking '/home/astra/iroc_final_ws/odom_repub/install/odom_republisher/lib/pkgconfig/odom_republisher.pc'
[4.693s] [34mcolcon.colcon_core.environment[0m [1;30mLevel 1[0m checking '/home/astra/iroc_final_ws/odom_repub/install/odom_republisher/lib/python3.10/site-packages'
[4.693s] [34mcolcon.colcon_core.shell[0m [1;30mLevel 1[0m create_environment_hook('odom_republisher', 'pythonpath')
[4.694s] [34mcolcon.colcon_core.shell[0m [1;30mINFO[0m Creating environment hook '/home/astra/iroc_final_ws/odom_repub/install/odom_republisher/share/odom_republisher/hook/pythonpath.ps1'
[4.695s] [34mcolcon.colcon_core.shell[0m [1;30mINFO[0m Creating environment descriptor '/home/astra/iroc_final_ws/odom_repub/install/odom_republisher/share/odom_republisher/hook/pythonpath.dsv'
[4.695s] [34mcolcon.colcon_core.shell[0m [1;30mINFO[0m Creating environment hook '/home/astra/iroc_final_ws/odom_repub/install/odom_republisher/share/odom_republisher/hook/pythonpath.sh'
[4.697s] [34mcolcon.colcon_core.environment[0m [1;30mLevel 1[0m checking '/home/astra/iroc_final_ws/odom_repub/install/odom_republisher/bin'
[4.697s] [34mcolcon.colcon_core.environment[0m [1;30mLevel 1[0m create_environment_scripts_only(odom_republisher)
[4.698s] [34mcolcon.colcon_core.shell[0m [1;30mINFO[0m Creating package script '/home/astra/iroc_final_ws/odom_repub/install/odom_republisher/share/odom_republisher/package.ps1'
[4.700s] [34mcolcon.colcon_core.shell[0m [1;30mINFO[0m Creating package descriptor '/home/astra/iroc_final_ws/odom_repub/install/odom_republisher/share/odom_republisher/package.dsv'
[4.701s] [34mcolcon.colcon_core.shell[0m [1;30mINFO[0m Creating package script '/home/astra/iroc_final_ws/odom_repub/install/odom_republisher/share/odom_republisher/package.sh'
[4.703s] [34mcolcon.colcon_core.shell[0m [1;30mINFO[0m Creating package script '/home/astra/iroc_final_ws/odom_repub/install/odom_republisher/share/odom_republisher/package.bash'
[4.705s] [34mcolcon.colcon_core.shell[0m [1;30mINFO[0m Creating package script '/home/astra/iroc_final_ws/odom_repub/install/odom_republisher/share/odom_republisher/package.zsh'
[4.707s] [34mcolcon.colcon_core.environment[0m [1;30mLevel 1[0m create_file_with_runtime_dependencies(/home/astra/iroc_final_ws/odom_repub/install/odom_republisher/share/colcon-core/packages/odom_republisher)
[4.708s] [34mcolcon.colcon_parallel_executor.executor.parallel[0m [1;30mDEBUG[0m [32mclosing loop[0m
[4.709s] [34mcolcon.colcon_parallel_executor.executor.parallel[0m [1;30mDEBUG[0m [32mloop closed[0m
[4.709s] [34mcolcon.colcon_parallel_executor.executor.parallel[0m [1;30mDEBUG[0m [32mrun_until_complete finished with '0'[0m
[4.709s] [34mcolcon.colcon_core.event_reactor[0m [1;30mDEBUG[0m [32mjoining thread[0m
[4.725s] [34mcolcon.colcon_core.plugin_system[0m [1;30mINFO[0m Skipping extension 'colcon_notification.desktop_notification.terminal_notifier': Not used on non-Darwin systems
[4.725s] [34mcolcon.colcon_core.plugin_system[0m [1;30mINFO[0m Skipping extension 'colcon_notification.desktop_notification.win32': Not used on non-Windows systems
[4.725s] [34mcolcon.colcon_notification.desktop_notification[0m [1;30mINFO[0m Sending desktop notification using 'notify2'
[4.761s] [34mcolcon.colcon_core.event_reactor[0m [1;30mDEBUG[0m [32mjoined thread[0m
[4.762s] [34mcolcon.colcon_core.shell[0m [1;30mINFO[0m Creating prefix script '/home/astra/iroc_final_ws/odom_repub/install/local_setup.ps1'
[4.765s] [34mcolcon.colcon_core.shell[0m [1;30mINFO[0m Creating prefix util module '/home/astra/iroc_final_ws/odom_repub/install/_local_setup_util_ps1.py'
[4.769s] [34mcolcon.colcon_core.shell[0m [1;30mINFO[0m Creating prefix chain script '/home/astra/iroc_final_ws/odom_repub/install/setup.ps1'
[4.773s] [34mcolcon.colcon_core.shell[0m [1;30mINFO[0m Creating prefix script '/home/astra/iroc_final_ws/odom_repub/install/local_setup.sh'
[4.774s] [34mcolcon.colcon_core.shell[0m [1;30mINFO[0m Creating prefix util module '/home/astra/iroc_final_ws/odom_repub/install/_local_setup_util_sh.py'
[4.776s] [34mcolcon.colcon_core.shell[0m [1;30mINFO[0m Creating prefix chain script '/home/astra/iroc_final_ws/odom_repub/install/setup.sh'
[4.780s] [34mcolcon.colcon_core.shell[0m [1;30mINFO[0m Creating prefix script '/home/astra/iroc_final_ws/odom_repub/install/local_setup.bash'
[4.781s] [34mcolcon.colcon_core.shell[0m [1;30mINFO[0m Creating prefix chain script '/home/astra/iroc_final_ws/odom_repub/install/setup.bash'
[4.784s] [34mcolcon.colcon_core.shell[0m [1;30mINFO[0m Creating prefix script '/home/astra/iroc_final_ws/odom_repub/install/local_setup.zsh'
[4.786s] [34mcolcon.colcon_core.shell[0m [1;30mINFO[0m Creating prefix chain script '/home/astra/iroc_final_ws/odom_repub/install/setup.zsh'
