[0.314s] [34mcolcon[0m [1;30mDEBUG[0m [32mCommand line arguments: ['/usr/bin/colcon', 'build', '--symlink-install'][0m
[0.314s] [34mcolcon[0m [1;30mDEBUG[0m [32mParsed command line arguments: Namespace(log_base=None, log_level=None, verb_name='build', build_base='build', install_base='install', merge_install=False, symlink_install=True, test_result_base=None, continue_on_error=False, executor='parallel', parallel_workers=6, event_handlers=None, ignore_user_meta=False, metas=['./colcon.meta'], base_paths=['.'], packages_ignore=None, packages_ignore_regex=None, paths=None, packages_up_to=None, packages_up_to_regex=None, packages_above=None, packages_above_and_dependencies=None, packages_above_depth=None, packages_select_by_dep=None, packages_skip_by_dep=None, packages_skip_up_to=None, packages_select_build_failed=False, packages_skip_build_finished=False, packages_select_test_failures=False, packages_skip_test_passed=False, packages_select=None, packages_skip=None, packages_select_regex=None, packages_skip_regex=None, packages_start=None, packages_end=None, allow_overriding=[], cmake_args=None, cmake_target=None, cmake_target_skip_unavailable=False, cmake_clean_cache=False, cmake_clean_first=False, cmake_force_configure=False, ament_cmake_args=None, catkin_cmake_args=None, catkin_skip_building_tests=False, verb_parser=<colcon_defaults.argument_parser.defaults.DefaultArgumentsDecorator object at 0xffffa33b3010>, verb_extension=<colcon_core.verb.build.BuildVerb object at 0xffffa33b29e0>, main=<bound method BuildVerb.main of <colcon_core.verb.build.BuildVerb object at 0xffffa33b29e0>>)[0m
[0.815s] [34mcolcon.colcon_core.package_discovery[0m [1;30mLevel 1[0m discover_packages(colcon_meta) check parameters
[0.816s] [34mcolcon.colcon_core.package_discovery[0m [1;30mLevel 1[0m discover_packages(recursive) check parameters
[0.816s] [34mcolcon.colcon_core.package_discovery[0m [1;30mLevel 1[0m discover_packages(ignore) check parameters
[0.816s] [34mcolcon.colcon_core.package_discovery[0m [1;30mLevel 1[0m discover_packages(path) check parameters
[0.816s] [34mcolcon.colcon_core.package_discovery[0m [1;30mLevel 1[0m discover_packages(colcon_meta) discover
[0.816s] [34mcolcon.colcon_core.package_discovery[0m [1;30mLevel 1[0m discover_packages(recursive) discover
[0.816s] [34mcolcon.colcon_core.package_discovery[0m [1;30mINFO[0m Crawling recursively for packages in '/home/astra/IRoC_ws/map_saver'
[0.816s] [34mcolcon.colcon_core.package_identification[0m [1;30mLevel 1[0m _identify(.) by extensions ['ignore', 'ignore_ament_install']
[0.817s] [34mcolcon.colcon_core.package_identification[0m [1;30mLevel 1[0m _identify(.) by extension 'ignore'
[0.817s] [34mcolcon.colcon_core.package_identification[0m [1;30mLevel 1[0m _identify(.) by extension 'ignore_ament_install'
[0.817s] [34mcolcon.colcon_core.package_identification[0m [1;30mLevel 1[0m _identify(.) by extensions ['colcon_pkg']
[0.817s] [34mcolcon.colcon_core.package_identification[0m [1;30mLevel 1[0m _identify(.) by extension 'colcon_pkg'
[0.817s] [34mcolcon.colcon_core.package_identification[0m [1;30mLevel 1[0m _identify(.) by extensions ['colcon_meta']
[0.817s] [34mcolcon.colcon_core.package_identification[0m [1;30mLevel 1[0m _identify(.) by extension 'colcon_meta'
[0.817s] [34mcolcon.colcon_core.package_identification[0m [1;30mLevel 1[0m _identify(.) by extensions ['ros']
[0.817s] [34mcolcon.colcon_core.package_identification[0m [1;30mLevel 1[0m _identify(.) by extension 'ros'
[0.843s] [34mcolcon.colcon_core.package_identification[0m [1;30mLevel 1[0m _identify(.) by extensions ['cmake', 'python']
[0.843s] [34mcolcon.colcon_core.package_identification[0m [1;30mLevel 1[0m _identify(.) by extension 'cmake'
[0.843s] [34mcolcon.colcon_core.package_identification[0m [1;30mLevel 1[0m _identify(.) by extension 'python'
[0.843s] [34mcolcon.colcon_core.package_identification[0m [1;30mLevel 1[0m _identify(.) by extensions ['python_setup_py']
[0.844s] [34mcolcon.colcon_core.package_identification[0m [1;30mLevel 1[0m _identify(.) by extension 'python_setup_py'
[0.844s] [34mcolcon.colcon_core.package_identification[0m [1;30mLevel 1[0m _identify(build) by extensions ['ignore', 'ignore_ament_install']
[0.844s] [34mcolcon.colcon_core.package_identification[0m [1;30mLevel 1[0m _identify(build) by extension 'ignore'
[0.844s] [34mcolcon.colcon_core.package_identification[0m [1;30mLevel 1[0m _identify(build) ignored
[0.845s] [34mcolcon.colcon_core.package_identification[0m [1;30mLevel 1[0m _identify(install) by extensions ['ignore', 'ignore_ament_install']
[0.845s] [34mcolcon.colcon_core.package_identification[0m [1;30mLevel 1[0m _identify(install) by extension 'ignore'
[0.845s] [34mcolcon.colcon_core.package_identification[0m [1;30mLevel 1[0m _identify(install) ignored
[0.845s] [34mcolcon.colcon_core.package_identification[0m [1;30mLevel 1[0m _identify(log) by extensions ['ignore', 'ignore_ament_install']
[0.846s] [34mcolcon.colcon_core.package_identification[0m [1;30mLevel 1[0m _identify(log) by extension 'ignore'
[0.846s] [34mcolcon.colcon_core.package_identification[0m [1;30mLevel 1[0m _identify(log) ignored
[0.846s] [34mcolcon.colcon_core.package_identification[0m [1;30mLevel 1[0m _identify(src) by extensions ['ignore', 'ignore_ament_install']
[0.846s] [34mcolcon.colcon_core.package_identification[0m [1;30mLevel 1[0m _identify(src) by extension 'ignore'
[0.846s] [34mcolcon.colcon_core.package_identification[0m [1;30mLevel 1[0m _identify(src) by extension 'ignore_ament_install'
[0.846s] [34mcolcon.colcon_core.package_identification[0m [1;30mLevel 1[0m _identify(src) by extensions ['colcon_pkg']
[0.846s] [34mcolcon.colcon_core.package_identification[0m [1;30mLevel 1[0m _identify(src) by extension 'colcon_pkg'
[0.846s] [34mcolcon.colcon_core.package_identification[0m [1;30mLevel 1[0m _identify(src) by extensions ['colcon_meta']
[0.847s] [34mcolcon.colcon_core.package_identification[0m [1;30mLevel 1[0m _identify(src) by extension 'colcon_meta'
[0.847s] [34mcolcon.colcon_core.package_identification[0m [1;30mLevel 1[0m _identify(src) by extensions ['ros']
[0.847s] [34mcolcon.colcon_core.package_identification[0m [1;30mLevel 1[0m _identify(src) by extension 'ros'
[0.847s] [34mcolcon.colcon_core.package_identification[0m [1;30mLevel 1[0m _identify(src) by extensions ['cmake', 'python']
[0.847s] [34mcolcon.colcon_core.package_identification[0m [1;30mLevel 1[0m _identify(src) by extension 'cmake'
[0.847s] [34mcolcon.colcon_core.package_identification[0m [1;30mLevel 1[0m _identify(src) by extension 'python'
[0.847s] [34mcolcon.colcon_core.package_identification[0m [1;30mLevel 1[0m _identify(src) by extensions ['python_setup_py']
[0.847s] [34mcolcon.colcon_core.package_identification[0m [1;30mLevel 1[0m _identify(src) by extension 'python_setup_py'
[0.847s] [34mcolcon.colcon_core.package_identification[0m [1;30mLevel 1[0m _identify(src/zed_pcd_saver) by extensions ['ignore', 'ignore_ament_install']
[0.848s] [34mcolcon.colcon_core.package_identification[0m [1;30mLevel 1[0m _identify(src/zed_pcd_saver) by extension 'ignore'
[0.848s] [34mcolcon.colcon_core.package_identification[0m [1;30mLevel 1[0m _identify(src/zed_pcd_saver) by extension 'ignore_ament_install'
[0.848s] [34mcolcon.colcon_core.package_identification[0m [1;30mLevel 1[0m _identify(src/zed_pcd_saver) by extensions ['colcon_pkg']
[0.848s] [34mcolcon.colcon_core.package_identification[0m [1;30mLevel 1[0m _identify(src/zed_pcd_saver) by extension 'colcon_pkg'
[0.848s] [34mcolcon.colcon_core.package_identification[0m [1;30mLevel 1[0m _identify(src/zed_pcd_saver) by extensions ['colcon_meta']
[0.848s] [34mcolcon.colcon_core.package_identification[0m [1;30mLevel 1[0m _identify(src/zed_pcd_saver) by extension 'colcon_meta'
[0.848s] [34mcolcon.colcon_core.package_identification[0m [1;30mLevel 1[0m _identify(src/zed_pcd_saver) by extensions ['ros']
[0.848s] [34mcolcon.colcon_core.package_identification[0m [1;30mLevel 1[0m _identify(src/zed_pcd_saver) by extension 'ros'
[0.854s] [34mcolcon.colcon_core.package_identification[0m [1;30mDEBUG[0m [32mPackage 'src/zed_pcd_saver' with type 'ros.ament_cmake' and name 'zed_pcd_saver'[0m
[0.854s] [34mcolcon.colcon_core.package_discovery[0m [1;30mLevel 1[0m discover_packages(recursive) using defaults
[0.854s] [34mcolcon.colcon_core.package_discovery[0m [1;30mLevel 1[0m discover_packages(ignore) discover
[0.854s] [34mcolcon.colcon_core.package_discovery[0m [1;30mLevel 1[0m discover_packages(ignore) using defaults
[0.854s] [34mcolcon.colcon_core.package_discovery[0m [1;30mLevel 1[0m discover_packages(path) discover
[0.854s] [34mcolcon.colcon_core.package_discovery[0m [1;30mLevel 1[0m discover_packages(path) using defaults
[0.882s] [34mcolcon.colcon_core.package_discovery[0m [1;30mLevel 1[0m discover_packages(prefix_path) check parameters
[0.882s] [34mcolcon.colcon_core.package_discovery[0m [1;30mLevel 1[0m discover_packages(prefix_path) discover
[0.887s] [34mcolcon.colcon_installed_package_information.package_discovery[0m [1;30mDEBUG[0m [32mFound 0 installed packages in /home/astra/IRoC_ws/plane_detection/install[0m
[0.888s] [34mcolcon.colcon_installed_package_information.package_discovery[0m [1;30mDEBUG[0m [32mFound 0 installed packages in /home/astra/IRoC_ws/map_saver/install[0m
[0.889s] [34mcolcon.colcon_installed_package_information.package_discovery[0m [1;30mDEBUG[0m [32mFound 4 installed packages in /home/astra/astra_ws/install[0m
[0.890s] [34mcolcon.colcon_installed_package_information.package_discovery[0m [1;30mDEBUG[0m [32mFound 1 installed packages in /home/astra/ros2_ws/install[0m
[0.890s] [34mcolcon.colcon_installed_package_information.package_discovery[0m [1;30mDEBUG[0m [32mFound 1 installed packages in /home/astra/IRoC_ws/survey_and_nav/install[0m
[0.891s] [34mcolcon.colcon_installed_package_information.package_discovery[0m [1;30mDEBUG[0m [32mFound 2 installed packages in /home/astra/IRoC_ws/odom_repub/install[0m
[0.892s] [34mcolcon.colcon_installed_package_information.package_discovery[0m [1;30mDEBUG[0m [32mFound 3 installed packages in /home/astra/IRoC_ws/zed/install[0m
[0.895s] [34mcolcon.colcon_installed_package_information.package_discovery[0m [1;30mDEBUG[0m [32mFound 304 installed packages in /opt/ros/humble[0m
[0.897s] [34mcolcon.colcon_core.package_discovery[0m [1;30mLevel 1[0m discover_packages(prefix_path) using defaults
[1.141s] [34mcolcon.colcon_core.verb[0m [1;30mLevel 5[0m set package 'zed_pcd_saver' build argument 'cmake_args' from command line to 'None'
[1.142s] [34mcolcon.colcon_core.verb[0m [1;30mLevel 5[0m set package 'zed_pcd_saver' build argument 'cmake_target' from command line to 'None'
[1.142s] [34mcolcon.colcon_core.verb[0m [1;30mLevel 5[0m set package 'zed_pcd_saver' build argument 'cmake_target_skip_unavailable' from command line to 'False'
[1.142s] [34mcolcon.colcon_core.verb[0m [1;30mLevel 5[0m set package 'zed_pcd_saver' build argument 'cmake_clean_cache' from command line to 'False'
[1.142s] [34mcolcon.colcon_core.verb[0m [1;30mLevel 5[0m set package 'zed_pcd_saver' build argument 'cmake_clean_first' from command line to 'False'
[1.142s] [34mcolcon.colcon_core.verb[0m [1;30mLevel 5[0m set package 'zed_pcd_saver' build argument 'cmake_force_configure' from command line to 'False'
[1.142s] [34mcolcon.colcon_core.verb[0m [1;30mLevel 5[0m set package 'zed_pcd_saver' build argument 'ament_cmake_args' from command line to 'None'
[1.142s] [34mcolcon.colcon_core.verb[0m [1;30mLevel 5[0m set package 'zed_pcd_saver' build argument 'catkin_cmake_args' from command line to 'None'
[1.142s] [34mcolcon.colcon_core.verb[0m [1;30mLevel 5[0m set package 'zed_pcd_saver' build argument 'catkin_skip_building_tests' from command line to 'False'
[1.142s] [34mcolcon.colcon_core.verb[0m [1;30mDEBUG[0m [32mBuilding package 'zed_pcd_saver' with the following arguments: {'ament_cmake_args': None, 'build_base': '/home/astra/IRoC_ws/map_saver/build/zed_pcd_saver', 'catkin_cmake_args': None, 'catkin_skip_building_tests': False, 'cmake_args': None, 'cmake_clean_cache': False, 'cmake_clean_first': False, 'cmake_force_configure': False, 'cmake_target': None, 'cmake_target_skip_unavailable': False, 'install_base': '/home/astra/IRoC_ws/map_saver/install/zed_pcd_saver', 'merge_install': False, 'path': '/home/astra/IRoC_ws/map_saver/src/zed_pcd_saver', 'symlink_install': True, 'test_result_base': None}[0m
[1.143s] [34mcolcon.colcon_core.executor[0m [1;30mINFO[0m Executing jobs using 'parallel' executor
[1.147s] [34mcolcon.colcon_parallel_executor.executor.parallel[0m [1;30mDEBUG[0m [32mrun_until_complete[0m
[1.148s] [34mcolcon.colcon_ros.task.ament_cmake.build[0m [1;30mINFO[0m Building ROS package in '/home/astra/IRoC_ws/map_saver/src/zed_pcd_saver' with build type 'ament_cmake'
[1.148s] [34mcolcon.colcon_cmake.task.cmake.build[0m [1;30mINFO[0m Building CMake package in '/home/astra/IRoC_ws/map_saver/src/zed_pcd_saver'
[1.153s] [34mcolcon.colcon_core.plugin_system[0m [1;30mINFO[0m Skipping extension 'colcon_core.shell.bat': Not used on non-Windows systems
[1.154s] [34mcolcon.colcon_core.shell[0m [1;30mINFO[0m Skip shell extension 'powershell' for command environment: Not usable outside of PowerShell
[1.154s] [34mcolcon.colcon_core.shell[0m [1;30mDEBUG[0m [32mSkip shell extension 'dsv' for command environment[0m
[1.175s] [34mcolcon.colcon_core.event_handler.log_command[0m [1;30mDEBUG[0m [32mInvoking command in '/home/astra/IRoC_ws/map_saver/build/zed_pcd_saver': CMAKE_PREFIX_PATH=${CMAKE_PREFIX_PATH}:/home/astra/IRoC_ws/survey_and_nav/install/survey_and_nav:/home/astra/IRoC_ws/odom_repub/install/odom_republisher:/home/astra/astra_ws/install/manual_key_control:/home/astra/astra_ws/install/astra_nav_control:/opt/ros/humble /usr/bin/cmake /home/astra/IRoC_ws/map_saver/src/zed_pcd_saver -DAMENT_CMAKE_SYMLINK_INSTALL=1 -DCMAKE_INSTALL_PREFIX=/home/astra/IRoC_ws/map_saver/install/zed_pcd_saver[0m
[8.958s] [34mcolcon.colcon_core.event_handler.log_command[0m [1;30mDEBUG[0m [32mInvoked command in '/home/astra/IRoC_ws/map_saver/build/zed_pcd_saver' returned '0': CMAKE_PREFIX_PATH=${CMAKE_PREFIX_PATH}:/home/astra/IRoC_ws/survey_and_nav/install/survey_and_nav:/home/astra/IRoC_ws/odom_repub/install/odom_republisher:/home/astra/astra_ws/install/manual_key_control:/home/astra/astra_ws/install/astra_nav_control:/opt/ros/humble /usr/bin/cmake /home/astra/IRoC_ws/map_saver/src/zed_pcd_saver -DAMENT_CMAKE_SYMLINK_INSTALL=1 -DCMAKE_INSTALL_PREFIX=/home/astra/IRoC_ws/map_saver/install/zed_pcd_saver[0m
[8.966s] [34mcolcon.colcon_core.event_handler.log_command[0m [1;30mDEBUG[0m [32mInvoking command in '/home/astra/IRoC_ws/map_saver/build/zed_pcd_saver': CMAKE_PREFIX_PATH=${CMAKE_PREFIX_PATH}:/home/astra/IRoC_ws/survey_and_nav/install/survey_and_nav:/home/astra/IRoC_ws/odom_repub/install/odom_republisher:/home/astra/astra_ws/install/manual_key_control:/home/astra/astra_ws/install/astra_nav_control:/opt/ros/humble /usr/bin/cmake --build /home/astra/IRoC_ws/map_saver/build/zed_pcd_saver -- -j6 -l6[0m
[38.143s] [34mcolcon.colcon_core.event_handler.log_command[0m [1;30mDEBUG[0m [32mInvoked command in '/home/astra/IRoC_ws/map_saver/build/zed_pcd_saver' returned '0': CMAKE_PREFIX_PATH=${CMAKE_PREFIX_PATH}:/home/astra/IRoC_ws/survey_and_nav/install/survey_and_nav:/home/astra/IRoC_ws/odom_repub/install/odom_republisher:/home/astra/astra_ws/install/manual_key_control:/home/astra/astra_ws/install/astra_nav_control:/opt/ros/humble /usr/bin/cmake --build /home/astra/IRoC_ws/map_saver/build/zed_pcd_saver -- -j6 -l6[0m
[38.176s] [34mcolcon.colcon_core.event_handler.log_command[0m [1;30mDEBUG[0m [32mInvoking command in '/home/astra/IRoC_ws/map_saver/build/zed_pcd_saver': CMAKE_PREFIX_PATH=${CMAKE_PREFIX_PATH}:/home/astra/IRoC_ws/survey_and_nav/install/survey_and_nav:/home/astra/IRoC_ws/odom_repub/install/odom_republisher:/home/astra/astra_ws/install/manual_key_control:/home/astra/astra_ws/install/astra_nav_control:/opt/ros/humble /usr/bin/cmake --install /home/astra/IRoC_ws/map_saver/build/zed_pcd_saver[0m
[38.591s] [34mcolcon.colcon_core.environment[0m [1;30mLevel 1[0m create_environment_scripts_only(zed_pcd_saver)
[38.593s] [34mcolcon.colcon_core.event_handler.log_command[0m [1;30mDEBUG[0m [32mInvoked command in '/home/astra/IRoC_ws/map_saver/build/zed_pcd_saver' returned '0': CMAKE_PREFIX_PATH=${CMAKE_PREFIX_PATH}:/home/astra/IRoC_ws/survey_and_nav/install/survey_and_nav:/home/astra/IRoC_ws/odom_repub/install/odom_republisher:/home/astra/astra_ws/install/manual_key_control:/home/astra/astra_ws/install/astra_nav_control:/opt/ros/humble /usr/bin/cmake --install /home/astra/IRoC_ws/map_saver/build/zed_pcd_saver[0m
[38.603s] [34mcolcon.colcon_core.environment[0m [1;30mLevel 1[0m checking '/home/astra/IRoC_ws/map_saver/install/zed_pcd_saver' for CMake module files
[38.605s] [34mcolcon.colcon_core.environment[0m [1;30mLevel 1[0m checking '/home/astra/IRoC_ws/map_saver/install/zed_pcd_saver' for CMake config files
[38.607s] [34mcolcon.colcon_core.shell[0m [1;30mLevel 1[0m create_environment_hook('zed_pcd_saver', 'cmake_prefix_path')
[38.608s] [34mcolcon.colcon_core.shell[0m [1;30mINFO[0m Creating environment hook '/home/astra/IRoC_ws/map_saver/install/zed_pcd_saver/share/zed_pcd_saver/hook/cmake_prefix_path.ps1'
[38.610s] [34mcolcon.colcon_core.shell[0m [1;30mINFO[0m Creating environment descriptor '/home/astra/IRoC_ws/map_saver/install/zed_pcd_saver/share/zed_pcd_saver/hook/cmake_prefix_path.dsv'
[38.612s] [34mcolcon.colcon_core.shell[0m [1;30mINFO[0m Creating environment hook '/home/astra/IRoC_ws/map_saver/install/zed_pcd_saver/share/zed_pcd_saver/hook/cmake_prefix_path.sh'
[38.615s] [34mcolcon.colcon_core.environment[0m [1;30mLevel 1[0m checking '/home/astra/IRoC_ws/map_saver/install/zed_pcd_saver/lib'
[38.616s] [34mcolcon.colcon_core.environment[0m [1;30mLevel 1[0m checking '/home/astra/IRoC_ws/map_saver/install/zed_pcd_saver/bin'
[38.616s] [34mcolcon.colcon_core.environment[0m [1;30mLevel 1[0m checking '/home/astra/IRoC_ws/map_saver/install/zed_pcd_saver/lib/pkgconfig/zed_pcd_saver.pc'
[38.617s] [34mcolcon.colcon_core.environment[0m [1;30mLevel 1[0m checking '/home/astra/IRoC_ws/map_saver/install/zed_pcd_saver/lib/python3.10/site-packages'
[38.618s] [34mcolcon.colcon_core.environment[0m [1;30mLevel 1[0m checking '/home/astra/IRoC_ws/map_saver/install/zed_pcd_saver/bin'
[38.619s] [34mcolcon.colcon_core.shell[0m [1;30mINFO[0m Creating package script '/home/astra/IRoC_ws/map_saver/install/zed_pcd_saver/share/zed_pcd_saver/package.ps1'
[38.622s] [34mcolcon.colcon_core.shell[0m [1;30mINFO[0m Creating package descriptor '/home/astra/IRoC_ws/map_saver/install/zed_pcd_saver/share/zed_pcd_saver/package.dsv'
[38.624s] [34mcolcon.colcon_core.shell[0m [1;30mINFO[0m Creating package script '/home/astra/IRoC_ws/map_saver/install/zed_pcd_saver/share/zed_pcd_saver/package.sh'
[38.627s] [34mcolcon.colcon_core.shell[0m [1;30mINFO[0m Creating package script '/home/astra/IRoC_ws/map_saver/install/zed_pcd_saver/share/zed_pcd_saver/package.bash'
[38.629s] [34mcolcon.colcon_core.shell[0m [1;30mINFO[0m Creating package script '/home/astra/IRoC_ws/map_saver/install/zed_pcd_saver/share/zed_pcd_saver/package.zsh'
[38.632s] [34mcolcon.colcon_core.environment[0m [1;30mLevel 1[0m create_file_with_runtime_dependencies(/home/astra/IRoC_ws/map_saver/install/zed_pcd_saver/share/colcon-core/packages/zed_pcd_saver)
[38.634s] [34mcolcon.colcon_core.environment[0m [1;30mLevel 1[0m create_environment_scripts_only(zed_pcd_saver)
[38.635s] [34mcolcon.colcon_core.environment[0m [1;30mLevel 1[0m checking '/home/astra/IRoC_ws/map_saver/install/zed_pcd_saver' for CMake module files
[38.637s] [34mcolcon.colcon_core.environment[0m [1;30mLevel 1[0m checking '/home/astra/IRoC_ws/map_saver/install/zed_pcd_saver' for CMake config files
[38.638s] [34mcolcon.colcon_core.shell[0m [1;30mLevel 1[0m create_environment_hook('zed_pcd_saver', 'cmake_prefix_path')
[38.639s] [34mcolcon.colcon_core.shell[0m [1;30mINFO[0m Creating environment hook '/home/astra/IRoC_ws/map_saver/install/zed_pcd_saver/share/zed_pcd_saver/hook/cmake_prefix_path.ps1'
[38.640s] [34mcolcon.colcon_core.shell[0m [1;30mINFO[0m Creating environment descriptor '/home/astra/IRoC_ws/map_saver/install/zed_pcd_saver/share/zed_pcd_saver/hook/cmake_prefix_path.dsv'
[38.642s] [34mcolcon.colcon_core.shell[0m [1;30mINFO[0m Creating environment hook '/home/astra/IRoC_ws/map_saver/install/zed_pcd_saver/share/zed_pcd_saver/hook/cmake_prefix_path.sh'
[38.644s] [34mcolcon.colcon_core.environment[0m [1;30mLevel 1[0m checking '/home/astra/IRoC_ws/map_saver/install/zed_pcd_saver/lib'
[38.645s] [34mcolcon.colcon_core.environment[0m [1;30mLevel 1[0m checking '/home/astra/IRoC_ws/map_saver/install/zed_pcd_saver/bin'
[38.645s] [34mcolcon.colcon_core.environment[0m [1;30mLevel 1[0m checking '/home/astra/IRoC_ws/map_saver/install/zed_pcd_saver/lib/pkgconfig/zed_pcd_saver.pc'
[38.646s] [34mcolcon.colcon_core.environment[0m [1;30mLevel 1[0m checking '/home/astra/IRoC_ws/map_saver/install/zed_pcd_saver/lib/python3.10/site-packages'
[38.646s] [34mcolcon.colcon_core.environment[0m [1;30mLevel 1[0m checking '/home/astra/IRoC_ws/map_saver/install/zed_pcd_saver/bin'
[38.647s] [34mcolcon.colcon_core.shell[0m [1;30mINFO[0m Creating package script '/home/astra/IRoC_ws/map_saver/install/zed_pcd_saver/share/zed_pcd_saver/package.ps1'
[38.649s] [34mcolcon.colcon_core.shell[0m [1;30mINFO[0m Creating package descriptor '/home/astra/IRoC_ws/map_saver/install/zed_pcd_saver/share/zed_pcd_saver/package.dsv'
[38.651s] [34mcolcon.colcon_core.shell[0m [1;30mINFO[0m Creating package script '/home/astra/IRoC_ws/map_saver/install/zed_pcd_saver/share/zed_pcd_saver/package.sh'
[38.652s] [34mcolcon.colcon_core.shell[0m [1;30mINFO[0m Creating package script '/home/astra/IRoC_ws/map_saver/install/zed_pcd_saver/share/zed_pcd_saver/package.bash'
[38.653s] [34mcolcon.colcon_core.shell[0m [1;30mINFO[0m Creating package script '/home/astra/IRoC_ws/map_saver/install/zed_pcd_saver/share/zed_pcd_saver/package.zsh'
[38.655s] [34mcolcon.colcon_core.environment[0m [1;30mLevel 1[0m create_file_with_runtime_dependencies(/home/astra/IRoC_ws/map_saver/install/zed_pcd_saver/share/colcon-core/packages/zed_pcd_saver)
[38.656s] [34mcolcon.colcon_parallel_executor.executor.parallel[0m [1;30mDEBUG[0m [32mclosing loop[0m
[38.657s] [34mcolcon.colcon_parallel_executor.executor.parallel[0m [1;30mDEBUG[0m [32mloop closed[0m
[38.658s] [34mcolcon.colcon_parallel_executor.executor.parallel[0m [1;30mDEBUG[0m [32mrun_until_complete finished with '0'[0m
[38.658s] [34mcolcon.colcon_core.event_reactor[0m [1;30mDEBUG[0m [32mjoining thread[0m
[38.680s] [34mcolcon.colcon_core.plugin_system[0m [1;30mINFO[0m Skipping extension 'colcon_notification.desktop_notification.terminal_notifier': Not used on non-Darwin systems
[38.681s] [34mcolcon.colcon_core.plugin_system[0m [1;30mINFO[0m Skipping extension 'colcon_notification.desktop_notification.win32': Not used on non-Windows systems
[38.681s] [34mcolcon.colcon_notification.desktop_notification[0m [1;30mINFO[0m Sending desktop notification using 'notify2'
[38.731s] [34mcolcon.colcon_core.event_reactor[0m [1;30mDEBUG[0m [32mjoined thread[0m
[38.733s] [34mcolcon.colcon_core.shell[0m [1;30mINFO[0m Creating prefix script '/home/astra/IRoC_ws/map_saver/install/local_setup.ps1'
[38.737s] [34mcolcon.colcon_core.shell[0m [1;30mINFO[0m Creating prefix util module '/home/astra/IRoC_ws/map_saver/install/_local_setup_util_ps1.py'
[38.742s] [34mcolcon.colcon_core.shell[0m [1;30mINFO[0m Creating prefix chain script '/home/astra/IRoC_ws/map_saver/install/setup.ps1'
[38.748s] [34mcolcon.colcon_core.shell[0m [1;30mINFO[0m Creating prefix script '/home/astra/IRoC_ws/map_saver/install/local_setup.sh'
[38.750s] [34mcolcon.colcon_core.shell[0m [1;30mINFO[0m Creating prefix util module '/home/astra/IRoC_ws/map_saver/install/_local_setup_util_sh.py'
[38.752s] [34mcolcon.colcon_core.shell[0m [1;30mINFO[0m Creating prefix chain script '/home/astra/IRoC_ws/map_saver/install/setup.sh'
[38.757s] [34mcolcon.colcon_core.shell[0m [1;30mINFO[0m Creating prefix script '/home/astra/IRoC_ws/map_saver/install/local_setup.bash'
[38.759s] [34mcolcon.colcon_core.shell[0m [1;30mINFO[0m Creating prefix chain script '/home/astra/IRoC_ws/map_saver/install/setup.bash'
[38.764s] [34mcolcon.colcon_core.shell[0m [1;30mINFO[0m Creating prefix script '/home/astra/IRoC_ws/map_saver/install/local_setup.zsh'
[38.766s] [34mcolcon.colcon_core.shell[0m [1;30mINFO[0m Creating prefix chain script '/home/astra/IRoC_ws/map_saver/install/setup.zsh'
